TpTrace Verbose: 0 : 1128, 1, 2024/04/04, 18:37:50.703, 1609474638759, vstest.console.dll, Version: 17.9.0-release-23627-01 Current process architecture: X64
TpTrace Verbose: 0 : 1128, 1, 2024/04/04, 18:37:50.707, 1609474682160, vstest.console.dll, Runtime location: C:\Program Files\dotnet\shared\Microsoft.NETCore.App\8.0.2
TpTrace Verbose: 0 : 1128, 1, 2024/04/04, 18:37:50.712, 1609474730049, vstest.console.dll, ArtifactProcessingPostProcessModeProcessorExecutor.Initialize: ArtifactProcessingMode.Collect
TpTrace Verbose: 0 : 1128, 1, 2024/04/04, 18:37:50.712, 1609474731567, vstest.console.dll, TestSessionCorrelationIdProcessorModeProcessorExecutor.Initialize: TestSessionCorrelationId '16724_ad9478f9-44d0-48b6-b49f-cdb6766074bc'
TpTrace Information: 0 : 1128, 1, 2024/04/04, 18:37:50.722, 1609474830227, vstest.console.dll, FilePatternParser: The given file C:\Users\Localhost\Documents\softuni\Back-EndTest_Automation\29.03.ExerCI2\CI_Resources\02-House-Renting-System-App\HouseRentingSystem.Tests\bin\Debug\net6.0\fine-code-coverage\build-output\HouseRentingSystem.Tests.dll is a full path.
TpTrace Verbose: 0 : 1128, 1, 2024/04/04, 18:37:50.733, 1609474947225, vstest.console.dll, TestPluginCache.DiscoverTestExtensions: finding test extensions in assemblies ends with: RuntimeProvider.dll TPluginInfo: Microsoft.VisualStudio.TestPlatform.Common.ExtensionFramework.Utilities.TestRuntimePluginInformation TExtension: Microsoft.VisualStudio.TestPlatform.ObjectModel.Host.ITestRuntimeProvider
TpTrace Verbose: 0 : 1128, 1, 2024/04/04, 18:37:50.734, 1609474951898, vstest.console.dll, TestPluginCache.GetExtensionPaths: Filtered extension paths: 
TpTrace Verbose: 0 : 1128, 1, 2024/04/04, 18:37:50.734, 1609474952991, vstest.console.dll, TestPluginCache.GetExtensionPaths: Added default extension paths: C:\Program Files\dotnet\sdk\8.0.200\Extensions\Microsoft.Diagnostics.NETCore.Client.dll
C:\Program Files\dotnet\sdk\8.0.200\Extensions\Microsoft.TestPlatform.Extensions.BlameDataCollector.dll
C:\Program Files\dotnet\sdk\8.0.200\Extensions\Microsoft.TestPlatform.Extensions.EventLogCollector.dll
C:\Program Files\dotnet\sdk\8.0.200\Extensions\Microsoft.TestPlatform.TestHostRuntimeProvider.dll
C:\Program Files\dotnet\sdk\8.0.200\Extensions\Microsoft.VisualStudio.TestPlatform.Extensions.Html.TestLogger.dll
C:\Program Files\dotnet\sdk\8.0.200\Extensions\Microsoft.VisualStudio.TestPlatform.Extensions.Trx.TestLogger.dll
TpTrace Verbose: 0 : 1128, 1, 2024/04/04, 18:37:50.734, 1609474953317, vstest.console.dll, TestPluginCache.GetExtensionPaths: Added unfilterableExtensionPaths: 
TpTrace Information: 0 : 1128, 1, 2024/04/04, 18:37:50.735, 1609474962551, vstest.console.dll, AssemblyResolver.ctor: Creating AssemblyResolver with searchDirectories C:\Program Files\dotnet\sdk\8.0.200\Extensions,C:\Program Files\dotnet\sdk\8.0.200
TpTrace Verbose: 0 : 1128, 1, 2024/04/04, 18:37:50.738, 1609474989498, vstest.console.dll, TestPluginCache.DiscoverTestExtensions: Discovering the extensions using extension path.
TpTrace Verbose: 0 : 1128, 1, 2024/04/04, 18:37:50.738, 1609474991147, vstest.console.dll, TestPluginCache.GetExtensionPaths: Filtered extension paths: 
TpTrace Verbose: 0 : 1128, 1, 2024/04/04, 18:37:50.738, 1609474991614, vstest.console.dll, TestPluginCache.GetExtensionPaths: Added default extension paths: C:\Program Files\dotnet\sdk\8.0.200\Extensions\Microsoft.Diagnostics.NETCore.Client.dll
C:\Program Files\dotnet\sdk\8.0.200\Extensions\Microsoft.TestPlatform.Extensions.BlameDataCollector.dll
C:\Program Files\dotnet\sdk\8.0.200\Extensions\Microsoft.TestPlatform.Extensions.EventLogCollector.dll
C:\Program Files\dotnet\sdk\8.0.200\Extensions\Microsoft.TestPlatform.TestHostRuntimeProvider.dll
C:\Program Files\dotnet\sdk\8.0.200\Extensions\Microsoft.VisualStudio.TestPlatform.Extensions.Html.TestLogger.dll
C:\Program Files\dotnet\sdk\8.0.200\Extensions\Microsoft.VisualStudio.TestPlatform.Extensions.Trx.TestLogger.dll
TpTrace Verbose: 0 : 1128, 1, 2024/04/04, 18:37:50.738, 1609474991892, vstest.console.dll, TestPluginCache.GetExtensionPaths: Added unfilterableExtensionPaths: 
TpTrace Verbose: 0 : 1128, 1, 2024/04/04, 18:37:50.738, 1609474993090, vstest.console.dll, TestPluginCache.DiscoverTestExtensions: Discovering the extensions using allExtensionPaths: C:\Program Files\dotnet\sdk\8.0.200\Extensions\Microsoft.Diagnostics.NETCore.Client.dll
C:\Program Files\dotnet\sdk\8.0.200\Extensions\Microsoft.TestPlatform.Extensions.BlameDataCollector.dll
C:\Program Files\dotnet\sdk\8.0.200\Extensions\Microsoft.TestPlatform.Extensions.EventLogCollector.dll
C:\Program Files\dotnet\sdk\8.0.200\Extensions\Microsoft.TestPlatform.TestHostRuntimeProvider.dll
C:\Program Files\dotnet\sdk\8.0.200\Extensions\Microsoft.VisualStudio.TestPlatform.Extensions.Html.TestLogger.dll
C:\Program Files\dotnet\sdk\8.0.200\Extensions\Microsoft.VisualStudio.TestPlatform.Extensions.Trx.TestLogger.dll
TpTrace Information: 0 : 1128, 1, 2024/04/04, 18:37:50.738, 1609474994231, vstest.console.dll, AssemblyResolver.AddSearchDirectories: Adding more searchDirectories C:\Program Files\dotnet\sdk\8.0.200\Extensions,C:\Program Files\dotnet\sdk\8.0.200
TpTrace Information: 0 : 1128, 1, 2024/04/04, 18:37:50.738, 1609474994820, vstest.console.dll, AssemblyResolver.AddSearchDirectories: Adding more searchDirectories C:\Program Files\dotnet\sdk\8.0.200\Extensions,C:\Program Files\dotnet\sdk\8.0.200
TpTrace Information: 0 : 1128, 1, 2024/04/04, 18:37:50.738, 1609474995121, vstest.console.dll, AssemblyResolver.AddSearchDirectories: Adding more searchDirectories C:\Program Files\dotnet\sdk\8.0.200\Extensions,C:\Program Files\dotnet\sdk\8.0.200
TpTrace Information: 0 : 1128, 1, 2024/04/04, 18:37:50.738, 1609474995384, vstest.console.dll, AssemblyResolver.AddSearchDirectories: Adding more searchDirectories C:\Program Files\dotnet\sdk\8.0.200\Extensions,C:\Program Files\dotnet\sdk\8.0.200
TpTrace Information: 0 : 1128, 1, 2024/04/04, 18:37:50.738, 1609474995641, vstest.console.dll, AssemblyResolver.AddSearchDirectories: Adding more searchDirectories C:\Program Files\dotnet\sdk\8.0.200\Extensions,C:\Program Files\dotnet\sdk\8.0.200
TpTrace Information: 0 : 1128, 1, 2024/04/04, 18:37:50.738, 1609474995963, vstest.console.dll, AssemblyResolver.AddSearchDirectories: Adding more searchDirectories C:\Program Files\dotnet\sdk\8.0.200\Extensions,C:\Program Files\dotnet\sdk\8.0.200
TpTrace Information: 0 : 1128, 1, 2024/04/04, 18:37:50.739, 1609475004468, vstest.console.dll, AssemblyResolver.OnResolve: Microsoft.Diagnostics.NETCore.Client: Resolving assembly.
TpTrace Information: 0 : 1128, 1, 2024/04/04, 18:37:50.739, 1609475005700, vstest.console.dll, AssemblyResolver.OnResolve: Microsoft.Diagnostics.NETCore.Client: Searching in: 'C:\Program Files\dotnet\sdk\8.0.200\Extensions'.
TpTrace Information: 0 : 1128, 1, 2024/04/04, 18:37:50.754, 1609475147710, vstest.console.dll, AssemblyResolver.OnResolve: Microsoft.Diagnostics.NETCore.Client: Loading assembly 'C:\Program Files\dotnet\sdk\8.0.200\Extensions\Microsoft.Diagnostics.NETCore.Client.dll'.
TpTrace Information: 0 : 1128, 1, 2024/04/04, 18:37:50.756, 1609475170313, vstest.console.dll, AssemblyResolver.OnResolve: Resolved assembly: Microsoft.Diagnostics.NETCore.Client, from path: C:\Program Files\dotnet\sdk\8.0.200\Extensions\Microsoft.Diagnostics.NETCore.Client.dll
TpTrace Verbose: 0 : 1128, 1, 2024/04/04, 18:37:50.762, 1609475228770, vstest.console.dll, MetadataReaderExtensionsHelper: Discovering extensions inside assembly 'Microsoft.Diagnostics.NETCore.Client, Version=0.2.9.2401, Culture=neutral, PublicKeyToken=31bf3856ad364e35' file path 'C:\Program Files\dotnet\sdk\8.0.200\Extensions\Microsoft.Diagnostics.NETCore.Client.dll'
TpTrace Information: 0 : 1128, 1, 2024/04/04, 18:37:50.768, 1609475292041, vstest.console.dll, AssemblyResolver.OnResolve: Microsoft.Bcl.AsyncInterfaces: Resolving assembly.
TpTrace Information: 0 : 1128, 1, 2024/04/04, 18:37:50.768, 1609475293274, vstest.console.dll, AssemblyResolver.OnResolve: Microsoft.Bcl.AsyncInterfaces: Searching in: 'C:\Program Files\dotnet\sdk\8.0.200\Extensions'.
TpTrace Information: 0 : 1128, 1, 2024/04/04, 18:37:50.768, 1609475294423, vstest.console.dll, AssemblyResolver.OnResolve: Microsoft.Bcl.AsyncInterfaces: Assembly path does not exist: 'C:\Program Files\dotnet\sdk\8.0.200\Extensions\Microsoft.Bcl.AsyncInterfaces.dll', returning.
TpTrace Information: 0 : 1128, 1, 2024/04/04, 18:37:50.768, 1609475295660, vstest.console.dll, AssemblyResolver.OnResolve: Microsoft.Bcl.AsyncInterfaces: Assembly path does not exist: 'C:\Program Files\dotnet\sdk\8.0.200\Extensions\Microsoft.Bcl.AsyncInterfaces.exe', returning.
TpTrace Information: 0 : 1128, 1, 2024/04/04, 18:37:50.768, 1609475296028, vstest.console.dll, AssemblyResolver.OnResolve: Microsoft.Bcl.AsyncInterfaces: Searching in: 'C:\Program Files\dotnet\sdk\8.0.200'.
TpTrace Information: 0 : 1128, 1, 2024/04/04, 18:37:50.768, 1609475296611, vstest.console.dll, AssemblyResolver.OnResolve: Microsoft.Bcl.AsyncInterfaces: Assembly path does not exist: 'C:\Program Files\dotnet\sdk\8.0.200\Microsoft.Bcl.AsyncInterfaces.dll', returning.
TpTrace Information: 0 : 1128, 1, 2024/04/04, 18:37:50.768, 1609475297234, vstest.console.dll, AssemblyResolver.OnResolve: Microsoft.Bcl.AsyncInterfaces: Assembly path does not exist: 'C:\Program Files\dotnet\sdk\8.0.200\Microsoft.Bcl.AsyncInterfaces.exe', returning.
TpTrace Information: 0 : 1128, 1, 2024/04/04, 18:37:50.768, 1609475297525, vstest.console.dll, AssemblyResolver.OnResolve: Microsoft.Bcl.AsyncInterfaces: Failed to load assembly.
TpTrace Verbose: 0 : 1128, 1, 2024/04/04, 18:37:50.769, 1609475297939, vstest.console.dll, CurrentDomainAssemblyResolve: Resolving assembly 'Microsoft.Bcl.AsyncInterfaces'.
TpTrace Information: 0 : 1128, 1, 2024/04/04, 18:37:50.769, 1609475298753, vstest.console.dll, AssemblyResolver.OnResolve: Microsoft.Bcl.AsyncInterfaces: Resolving assembly.
TpTrace Information: 0 : 1128, 1, 2024/04/04, 18:37:50.769, 1609475299151, vstest.console.dll, AssemblyResolver.OnResolve: Microsoft.Bcl.AsyncInterfaces: Resolved from cache.
TpTrace Verbose: 0 : 1128, 1, 2024/04/04, 18:37:50.769, 1609475299451, vstest.console.dll, CurrentDomainAssemblyResolve: Resolving assembly 'Microsoft.Bcl.AsyncInterfaces'.
TpTrace Verbose: 0 : 1128, 1, 2024/04/04, 18:37:50.769, 1609475299776, vstest.console.dll, CurrentDomainAssemblyResolve: Failed to resolve assembly 'Microsoft.Bcl.AsyncInterfaces'.
TpTrace Verbose: 0 : 1128, 1, 2024/04/04, 18:37:50.774, 1609475355887, vstest.console.dll, CurrentDomainAssemblyResolve: Failed to resolve assembly 'Microsoft.Bcl.AsyncInterfaces'.
TpTrace Warning: 0 : 1128, 1, 2024/04/04, 18:37:50.801, 1609475620120, vstest.console.dll, TestPluginDiscoverer: Failed to get types from assembly 'Microsoft.Diagnostics.NETCore.Client, Version=0.2.9.2401, Culture=neutral, PublicKeyToken=31bf3856ad364e35'. Error: System.Reflection.ReflectionTypeLoadException: Unable to load one or more of the requested types.
Could not load file or assembly 'Microsoft.Bcl.AsyncInterfaces, Version=6.0.0.0, Culture=neutral, PublicKeyToken=cc7b13ffcd2ddd51'. The system cannot find the file specified.
   at System.Reflection.RuntimeModule.GetTypes(RuntimeModule module)
   at System.Reflection.RuntimeModule.GetTypes()
   at Microsoft.VisualStudio.TestPlatform.Common.ExtensionFramework.TestPluginDiscoverer.GetTestExtensionsFromAssembly[TPluginInfo,TExtension](Assembly assembly, Dictionary`2 pluginInfos, String filePath) in /_/src/Microsoft.TestPlatform.Common/ExtensionFramework/TestPluginDiscoverer.cs:line 158
System.IO.FileNotFoundException: Could not load file or assembly 'Microsoft.Bcl.AsyncInterfaces, Version=6.0.0.0, Culture=neutral, PublicKeyToken=cc7b13ffcd2ddd51'. The system cannot find the file specified.
File name: 'Microsoft.Bcl.AsyncInterfaces, Version=6.0.0.0, Culture=neutral, PublicKeyToken=cc7b13ffcd2ddd51'
 ---> System.IO.FileNotFoundException: Could not load file or assembly 'Microsoft.Bcl.AsyncInterfaces, Culture=neutral, PublicKeyToken=null'. The system cannot find the file specified.
File name: 'Microsoft.Bcl.AsyncInterfaces, Culture=neutral, PublicKeyToken=null'
   at System.Reflection.RuntimeAssembly.InternalLoad(AssemblyName assemblyName, StackCrawlMark& stackMark, AssemblyLoadContext assemblyLoadContext, RuntimeAssembly requestingAssembly, Boolean throwOnFileNotFound)
   at System.Reflection.Assembly.Load(AssemblyName assemblyRef)
   at Microsoft.VisualStudio.TestPlatform.Common.ExtensionFramework.TestPluginCache.CurrentDomainAssemblyResolve(Object sender, AssemblyResolveEventArgs args) in /_/src/Microsoft.TestPlatform.Common/ExtensionFramework/TestPluginCache.cs:line 513
   at System.Runtime.Loader.AssemblyLoadContext.GetFirstResolvedAssemblyFromResolvingEvent(AssemblyName assemblyName)
   at System.Runtime.Loader.AssemblyLoadContext.ResolveUsingEvent(AssemblyName assemblyName)
   at System.Runtime.Loader.AssemblyLoadContext.ResolveUsingResolvingEvent(IntPtr gchManagedAssemblyLoadContext, AssemblyName assemblyName)
TpTrace Warning: 0 : 1128, 1, 2024/04/04, 18:37:50.801, 1609475625391, vstest.console.dll, LoaderExceptions: System.IO.FileNotFoundException: Could not load file or assembly 'Microsoft.Bcl.AsyncInterfaces, Version=6.0.0.0, Culture=neutral, PublicKeyToken=cc7b13ffcd2ddd51'. The system cannot find the file specified.
File name: 'Microsoft.Bcl.AsyncInterfaces, Version=6.0.0.0, Culture=neutral, PublicKeyToken=cc7b13ffcd2ddd51'
 ---> System.IO.FileNotFoundException: Could not load file or assembly 'Microsoft.Bcl.AsyncInterfaces, Culture=neutral, PublicKeyToken=null'. The system cannot find the file specified.
File name: 'Microsoft.Bcl.AsyncInterfaces, Culture=neutral, PublicKeyToken=null'
   at System.Reflection.RuntimeAssembly.InternalLoad(AssemblyName assemblyName, StackCrawlMark& stackMark, AssemblyLoadContext assemblyLoadContext, RuntimeAssembly requestingAssembly, Boolean throwOnFileNotFound)
   at System.Reflection.Assembly.Load(AssemblyName assemblyRef)
   at Microsoft.VisualStudio.TestPlatform.Common.ExtensionFramework.TestPluginCache.CurrentDomainAssemblyResolve(Object sender, AssemblyResolveEventArgs args) in /_/src/Microsoft.TestPlatform.Common/ExtensionFramework/TestPluginCache.cs:line 513
   at System.Runtime.Loader.AssemblyLoadContext.GetFirstResolvedAssemblyFromResolvingEvent(AssemblyName assemblyName)
   at System.Runtime.Loader.AssemblyLoadContext.ResolveUsingEvent(AssemblyName assemblyName)
   at System.Runtime.Loader.AssemblyLoadContext.ResolveUsingResolvingEvent(IntPtr gchManagedAssemblyLoadContext, AssemblyName assemblyName)
TpTrace Information: 0 : 1128, 1, 2024/04/04, 18:37:50.801, 1609475627139, vstest.console.dll, AssemblyResolver.OnResolve: Microsoft.TestPlatform.Extensions.BlameDataCollector: Resolving assembly.
TpTrace Information: 0 : 1128, 1, 2024/04/04, 18:37:50.802, 1609475627747, vstest.console.dll, AssemblyResolver.OnResolve: Microsoft.TestPlatform.Extensions.BlameDataCollector: Searching in: 'C:\Program Files\dotnet\sdk\8.0.200\Extensions'.
TpTrace Information: 0 : 1128, 1, 2024/04/04, 18:37:50.803, 1609475640556, vstest.console.dll, AssemblyResolver.OnResolve: Microsoft.TestPlatform.Extensions.BlameDataCollector: Loading assembly 'C:\Program Files\dotnet\sdk\8.0.200\Extensions\Microsoft.TestPlatform.Extensions.BlameDataCollector.dll'.
TpTrace Information: 0 : 1128, 1, 2024/04/04, 18:37:50.804, 1609475653838, vstest.console.dll, AssemblyResolver.OnResolve: Resolved assembly: Microsoft.TestPlatform.Extensions.BlameDataCollector, from path: C:\Program Files\dotnet\sdk\8.0.200\Extensions\Microsoft.TestPlatform.Extensions.BlameDataCollector.dll
TpTrace Verbose: 0 : 1128, 1, 2024/04/04, 18:37:50.804, 1609475654855, vstest.console.dll, MetadataReaderExtensionsHelper: Discovering extensions inside assembly 'Microsoft.TestPlatform.Extensions.BlameDataCollector, Version=15.0.0.0, Culture=neutral, PublicKeyToken=b03f5f7f11d50a3a' file path 'C:\Program Files\dotnet\sdk\8.0.200\Extensions\Microsoft.TestPlatform.Extensions.BlameDataCollector.dll'
TpTrace Information: 0 : 1128, 1, 2024/04/04, 18:37:50.807, 1609475678165, vstest.console.dll, AssemblyResolver.OnResolve: Microsoft.TestPlatform.Extensions.EventLogCollector: Resolving assembly.
TpTrace Information: 0 : 1128, 1, 2024/04/04, 18:37:50.807, 1609475678979, vstest.console.dll, AssemblyResolver.OnResolve: Microsoft.TestPlatform.Extensions.EventLogCollector: Searching in: 'C:\Program Files\dotnet\sdk\8.0.200\Extensions'.
TpTrace Information: 0 : 1128, 1, 2024/04/04, 18:37:50.808, 1609475688579, vstest.console.dll, AssemblyResolver.OnResolve: Microsoft.TestPlatform.Extensions.EventLogCollector: Loading assembly 'C:\Program Files\dotnet\sdk\8.0.200\Extensions\Microsoft.TestPlatform.Extensions.EventLogCollector.dll'.
TpTrace Information: 0 : 1128, 1, 2024/04/04, 18:37:50.809, 1609475697576, vstest.console.dll, AssemblyResolver.OnResolve: Resolved assembly: Microsoft.TestPlatform.Extensions.EventLogCollector, from path: C:\Program Files\dotnet\sdk\8.0.200\Extensions\Microsoft.TestPlatform.Extensions.EventLogCollector.dll
TpTrace Verbose: 0 : 1128, 1, 2024/04/04, 18:37:50.809, 1609475698438, vstest.console.dll, MetadataReaderExtensionsHelper: Discovering extensions inside assembly 'Microsoft.TestPlatform.Extensions.EventLogCollector, Version=15.0.0.0, Culture=neutral, PublicKeyToken=b03f5f7f11d50a3a' file path 'C:\Program Files\dotnet\sdk\8.0.200\Extensions\Microsoft.TestPlatform.Extensions.EventLogCollector.dll'
TpTrace Information: 0 : 1128, 1, 2024/04/04, 18:37:50.813, 1609475744327, vstest.console.dll, AssemblyResolver.OnResolve: Microsoft.TestPlatform.TestHostRuntimeProvider: Resolving assembly.
TpTrace Information: 0 : 1128, 1, 2024/04/04, 18:37:50.813, 1609475745109, vstest.console.dll, AssemblyResolver.OnResolve: Microsoft.TestPlatform.TestHostRuntimeProvider: Searching in: 'C:\Program Files\dotnet\sdk\8.0.200\Extensions'.
TpTrace Information: 0 : 1128, 1, 2024/04/04, 18:37:50.814, 1609475755524, vstest.console.dll, AssemblyResolver.OnResolve: Microsoft.TestPlatform.TestHostRuntimeProvider: Loading assembly 'C:\Program Files\dotnet\sdk\8.0.200\Extensions\Microsoft.TestPlatform.TestHostRuntimeProvider.dll'.
TpTrace Information: 0 : 1128, 1, 2024/04/04, 18:37:50.815, 1609475765970, vstest.console.dll, AssemblyResolver.OnResolve: Resolved assembly: Microsoft.TestPlatform.TestHostRuntimeProvider, from path: C:\Program Files\dotnet\sdk\8.0.200\Extensions\Microsoft.TestPlatform.TestHostRuntimeProvider.dll
TpTrace Verbose: 0 : 1128, 1, 2024/04/04, 18:37:50.815, 1609475766815, vstest.console.dll, MetadataReaderExtensionsHelper: Discovering extensions inside assembly 'Microsoft.TestPlatform.TestHostRuntimeProvider, Version=15.0.0.0, Culture=neutral, PublicKeyToken=b03f5f7f11d50a3a' file path 'C:\Program Files\dotnet\sdk\8.0.200\Extensions\Microsoft.TestPlatform.TestHostRuntimeProvider.dll'
TpTrace Information: 0 : 1128, 1, 2024/04/04, 18:37:50.818, 1609475795996, vstest.console.dll, GetTestExtensionFromType: Register extension with identifier data 'HostProvider://DefaultTestHost' and type 'Microsoft.VisualStudio.TestPlatform.CrossPlatEngine.Hosting.DefaultTestHostManager, Microsoft.TestPlatform.TestHostRuntimeProvider, Version=15.0.0.0, Culture=neutral, PublicKeyToken=b03f5f7f11d50a3a' inside file 'C:\Program Files\dotnet\sdk\8.0.200\Extensions\Microsoft.TestPlatform.TestHostRuntimeProvider.dll'
TpTrace Information: 0 : 1128, 1, 2024/04/04, 18:37:50.819, 1609475800014, vstest.console.dll, GetTestExtensionFromType: Register extension with identifier data 'HostProvider://DotnetTestHost' and type 'Microsoft.VisualStudio.TestPlatform.CrossPlatEngine.Hosting.DotnetTestHostManager, Microsoft.TestPlatform.TestHostRuntimeProvider, Version=15.0.0.0, Culture=neutral, PublicKeyToken=b03f5f7f11d50a3a' inside file 'C:\Program Files\dotnet\sdk\8.0.200\Extensions\Microsoft.TestPlatform.TestHostRuntimeProvider.dll'
TpTrace Information: 0 : 1128, 1, 2024/04/04, 18:37:50.819, 1609475801077, vstest.console.dll, AssemblyResolver.OnResolve: Microsoft.VisualStudio.TestPlatform.Extensions.Html.TestLogger: Resolving assembly.
TpTrace Information: 0 : 1128, 1, 2024/04/04, 18:37:50.819, 1609475801681, vstest.console.dll, AssemblyResolver.OnResolve: Microsoft.VisualStudio.TestPlatform.Extensions.Html.TestLogger: Searching in: 'C:\Program Files\dotnet\sdk\8.0.200\Extensions'.
TpTrace Information: 0 : 1128, 1, 2024/04/04, 18:37:50.820, 1609475813784, vstest.console.dll, AssemblyResolver.OnResolve: Microsoft.VisualStudio.TestPlatform.Extensions.Html.TestLogger: Loading assembly 'C:\Program Files\dotnet\sdk\8.0.200\Extensions\Microsoft.VisualStudio.TestPlatform.Extensions.Html.TestLogger.dll'.
TpTrace Information: 0 : 1128, 1, 2024/04/04, 18:37:50.821, 1609475822839, vstest.console.dll, AssemblyResolver.OnResolve: Resolved assembly: Microsoft.VisualStudio.TestPlatform.Extensions.Html.TestLogger, from path: C:\Program Files\dotnet\sdk\8.0.200\Extensions\Microsoft.VisualStudio.TestPlatform.Extensions.Html.TestLogger.dll
TpTrace Verbose: 0 : 1128, 1, 2024/04/04, 18:37:50.821, 1609475823880, vstest.console.dll, MetadataReaderExtensionsHelper: Discovering extensions inside assembly 'Microsoft.VisualStudio.TestPlatform.Extensions.Html.TestLogger, Version=15.0.0.0, Culture=neutral, PublicKeyToken=b03f5f7f11d50a3a' file path 'C:\Program Files\dotnet\sdk\8.0.200\Extensions\Microsoft.VisualStudio.TestPlatform.Extensions.Html.TestLogger.dll'
TpTrace Information: 0 : 1128, 1, 2024/04/04, 18:37:50.822, 1609475837471, vstest.console.dll, AssemblyResolver.OnResolve: Microsoft.VisualStudio.TestPlatform.Extensions.Trx.TestLogger: Resolving assembly.
TpTrace Information: 0 : 1128, 1, 2024/04/04, 18:37:50.823, 1609475838320, vstest.console.dll, AssemblyResolver.OnResolve: Microsoft.VisualStudio.TestPlatform.Extensions.Trx.TestLogger: Searching in: 'C:\Program Files\dotnet\sdk\8.0.200\Extensions'.
TpTrace Information: 0 : 1128, 1, 2024/04/04, 18:37:50.824, 1609475854620, vstest.console.dll, AssemblyResolver.OnResolve: Microsoft.VisualStudio.TestPlatform.Extensions.Trx.TestLogger: Loading assembly 'C:\Program Files\dotnet\sdk\8.0.200\Extensions\Microsoft.VisualStudio.TestPlatform.Extensions.Trx.TestLogger.dll'.
TpTrace Information: 0 : 1128, 1, 2024/04/04, 18:37:50.826, 1609475872704, vstest.console.dll, AssemblyResolver.OnResolve: Resolved assembly: Microsoft.VisualStudio.TestPlatform.Extensions.Trx.TestLogger, from path: C:\Program Files\dotnet\sdk\8.0.200\Extensions\Microsoft.VisualStudio.TestPlatform.Extensions.Trx.TestLogger.dll
TpTrace Verbose: 0 : 1128, 1, 2024/04/04, 18:37:50.826, 1609475873617, vstest.console.dll, MetadataReaderExtensionsHelper: Discovering extensions inside assembly 'Microsoft.VisualStudio.TestPlatform.Extensions.Trx.TestLogger, Version=15.0.0.0, Culture=neutral, PublicKeyToken=b03f5f7f11d50a3a' file path 'C:\Program Files\dotnet\sdk\8.0.200\Extensions\Microsoft.VisualStudio.TestPlatform.Extensions.Trx.TestLogger.dll'
TpTrace Verbose: 0 : 1128, 1, 2024/04/04, 18:37:50.828, 1609475893481, vstest.console.dll, TestPluginCache: Discovered the extensions using extension path ''.
TpTrace Verbose: 0 : 1128, 1, 2024/04/04, 18:37:50.828, 1609475894328, vstest.console.dll, TestPluginCache: Discoverers are ''.
TpTrace Verbose: 0 : 1128, 1, 2024/04/04, 18:37:50.828, 1609475894571, vstest.console.dll, TestPluginCache: Executors are ''.
TpTrace Verbose: 0 : 1128, 1, 2024/04/04, 18:37:50.828, 1609475894788, vstest.console.dll, TestPluginCache: Executors2 are ''.
TpTrace Verbose: 0 : 1128, 1, 2024/04/04, 18:37:50.828, 1609475895084, vstest.console.dll, TestPluginCache: Setting providers are ''.
TpTrace Verbose: 0 : 1128, 1, 2024/04/04, 18:37:50.828, 1609475895338, vstest.console.dll, TestPluginCache: Loggers are ''.
TpTrace Verbose: 0 : 1128, 1, 2024/04/04, 18:37:50.828, 1609475897415, vstest.console.dll, TestPluginCache: TestHosts are 'HostProvider://DefaultTestHost,HostProvider://DotnetTestHost'.
TpTrace Verbose: 0 : 1128, 1, 2024/04/04, 18:37:50.829, 1609475897817, vstest.console.dll, TestPluginCache: DataCollectors are ''.
TpTrace Information: 0 : 1128, 1, 2024/04/04, 18:37:50.858, 1609476193977, vstest.console.dll, RunTestsArgumentProcessor:Execute: Test run is starting.
TpTrace Verbose: 0 : 1128, 1, 2024/04/04, 18:37:50.858, 1609476195440, vstest.console.dll, RunTestsArgumentProcessor:Execute: Queuing Test run.
TpTrace Information: 0 : 1128, 1, 2024/04/04, 18:37:50.859, 1609476198541, vstest.console.dll, TestRequestManager.RunTests: run tests started.
TpTrace Information: 0 : 1128, 1, 2024/04/04, 18:37:50.860, 1609476212232, vstest.console.dll, AssemblyMetadataProvider.GetFrameworkName: Determined framework:'.NETCoreApp,Version=v6.0' for source: 'C:\Users\Localhost\Documents\softuni\Back-EndTest_Automation\29.03.ExerCI2\CI_Resources\02-House-Renting-System-App\HouseRentingSystem.Tests\bin\Debug\net6.0\fine-code-coverage\build-output\HouseRentingSystem.Tests.dll'
TpTrace Information: 0 : 1128, 1, 2024/04/04, 18:37:50.860, 1609476214484, vstest.console.dll, Determined framework for all sources: .NETCoreApp,Version=v6.0
TpTrace Verbose: 0 : 1128, 1, 2024/04/04, 18:37:50.861, 1609476218578, vstest.console.dll, TestRequestManager.UpdateRunSettingsIfRequired: Default architecture: X64 IsDefaultTargetArchitecture: True, Current process architecture: X64 OperatingSystem: Windows.
TpTrace Information: 0 : 1128, 1, 2024/04/04, 18:37:50.863, 1609476238387, vstest.console.dll, AssemblyMetadataProvider.GetArchitecture: Determined architecture:AnyCPU info for assembly: C:\Users\Localhost\Documents\softuni\Back-EndTest_Automation\29.03.ExerCI2\CI_Resources\02-House-Renting-System-App\HouseRentingSystem.Tests\bin\Debug\net6.0\fine-code-coverage\build-output\HouseRentingSystem.Tests.dll
TpTrace Information: 0 : 1128, 1, 2024/04/04, 18:37:50.863, 1609476239030, vstest.console.dll, Determined platform for source 'C:\Users\Localhost\Documents\softuni\Back-EndTest_Automation\29.03.ExerCI2\CI_Resources\02-House-Renting-System-App\HouseRentingSystem.Tests\bin\Debug\net6.0\fine-code-coverage\build-output\HouseRentingSystem.Tests.dll' was AnyCPU and it will use the default plaform X64.
TpTrace Information: 0 : 1128, 1, 2024/04/04, 18:37:50.863, 1609476239293, vstest.console.dll, None of the sources provided any runnable platform, using the default platform: X64
TpTrace Information: 0 : 1128, 1, 2024/04/04, 18:37:50.863, 1609476240297, vstest.console.dll, Platform was updated to 'X64'.
TpTrace Information: 0 : 1128, 1, 2024/04/04, 18:37:50.869, 1609476299982, vstest.console.dll, InferRunSettingsHelper.IsTestSettingsEnabled: Unable to navigate to RunSettings/MSTest. Current node: RunSettings
TpTrace Information: 0 : 1128, 1, 2024/04/04, 18:37:50.870, 1609476309880, vstest.console.dll, AssemblyResolver.OnResolve: Microsoft.VisualStudio.TestPlatform.Fakes: Resolving assembly.
TpTrace Information: 0 : 1128, 1, 2024/04/04, 18:37:50.870, 1609476310901, vstest.console.dll, AssemblyResolver.OnResolve: Microsoft.VisualStudio.TestPlatform.Fakes: Searching in: 'C:\Program Files\dotnet\sdk\8.0.200\Extensions'.
TpTrace Information: 0 : 1128, 1, 2024/04/04, 18:37:50.870, 1609476311930, vstest.console.dll, AssemblyResolver.OnResolve: Microsoft.VisualStudio.TestPlatform.Fakes: Assembly path does not exist: 'C:\Program Files\dotnet\sdk\8.0.200\Extensions\Microsoft.VisualStudio.TestPlatform.Fakes.dll', returning.
TpTrace Information: 0 : 1128, 1, 2024/04/04, 18:37:50.870, 1609476312549, vstest.console.dll, AssemblyResolver.OnResolve: Microsoft.VisualStudio.TestPlatform.Fakes: Assembly path does not exist: 'C:\Program Files\dotnet\sdk\8.0.200\Extensions\Microsoft.VisualStudio.TestPlatform.Fakes.exe', returning.
TpTrace Information: 0 : 1128, 1, 2024/04/04, 18:37:50.870, 1609476312917, vstest.console.dll, AssemblyResolver.OnResolve: Microsoft.VisualStudio.TestPlatform.Fakes: Searching in: 'C:\Program Files\dotnet\sdk\8.0.200'.
TpTrace Information: 0 : 1128, 1, 2024/04/04, 18:37:50.870, 1609476313525, vstest.console.dll, AssemblyResolver.OnResolve: Microsoft.VisualStudio.TestPlatform.Fakes: Assembly path does not exist: 'C:\Program Files\dotnet\sdk\8.0.200\Microsoft.VisualStudio.TestPlatform.Fakes.dll', returning.
TpTrace Information: 0 : 1128, 1, 2024/04/04, 18:37:50.870, 1609476314094, vstest.console.dll, AssemblyResolver.OnResolve: Microsoft.VisualStudio.TestPlatform.Fakes: Assembly path does not exist: 'C:\Program Files\dotnet\sdk\8.0.200\Microsoft.VisualStudio.TestPlatform.Fakes.exe', returning.
TpTrace Information: 0 : 1128, 1, 2024/04/04, 18:37:50.870, 1609476314429, vstest.console.dll, AssemblyResolver.OnResolve: Microsoft.VisualStudio.TestPlatform.Fakes: Failed to load assembly.
TpTrace Information: 0 : 1128, 1, 2024/04/04, 18:37:50.871, 1609476318143, vstest.console.dll, Failed to load assembly Microsoft.VisualStudio.TestPlatform.Fakes, Version=17.0.0.0, Culture=neutral. Reason:System.IO.FileNotFoundException: Could not load file or assembly 'Microsoft.VisualStudio.TestPlatform.Fakes, Version=17.0.0.0, Culture=neutral, PublicKeyToken=null'. The system cannot find the file specified.
File name: 'Microsoft.VisualStudio.TestPlatform.Fakes, Version=17.0.0.0, Culture=neutral, PublicKeyToken=null'
   at System.Reflection.RuntimeAssembly.InternalLoad(AssemblyName assemblyName, StackCrawlMark& stackMark, AssemblyLoadContext assemblyLoadContext, RuntimeAssembly requestingAssembly, Boolean throwOnFileNotFound)
   at System.Reflection.Assembly.Load(AssemblyName assemblyRef)
   at Microsoft.VisualStudio.TestPlatform.Common.Utilities.FakesUtilities.LoadTestPlatformAssembly() in /_/src/Microsoft.TestPlatform.Common/Utilities/FakesUtilities.cs:line 272
TpTrace Verbose: 0 : 1128, 1, 2024/04/04, 18:37:50.875, 1609476364933, vstest.console.dll, TestPluginCache.DiscoverTestExtensions: finding test extensions in assemblies ends with: TestLogger.dll TPluginInfo: Microsoft.VisualStudio.TestPlatform.Common.ExtensionFramework.Utilities.TestLoggerPluginInformation TExtension: Microsoft.VisualStudio.TestPlatform.ObjectModel.Client.ITestLogger
TpTrace Verbose: 0 : 1128, 1, 2024/04/04, 18:37:50.875, 1609476366303, vstest.console.dll, TestPluginCache.GetExtensionPaths: Filtered extension paths: 
TpTrace Verbose: 0 : 1128, 1, 2024/04/04, 18:37:50.875, 1609476366631, vstest.console.dll, TestPluginCache.GetExtensionPaths: Added default extension paths: C:\Program Files\dotnet\sdk\8.0.200\Extensions\Microsoft.Diagnostics.NETCore.Client.dll
C:\Program Files\dotnet\sdk\8.0.200\Extensions\Microsoft.TestPlatform.Extensions.BlameDataCollector.dll
C:\Program Files\dotnet\sdk\8.0.200\Extensions\Microsoft.TestPlatform.Extensions.EventLogCollector.dll
C:\Program Files\dotnet\sdk\8.0.200\Extensions\Microsoft.TestPlatform.TestHostRuntimeProvider.dll
C:\Program Files\dotnet\sdk\8.0.200\Extensions\Microsoft.VisualStudio.TestPlatform.Extensions.Html.TestLogger.dll
C:\Program Files\dotnet\sdk\8.0.200\Extensions\Microsoft.VisualStudio.TestPlatform.Extensions.Trx.TestLogger.dll
TpTrace Verbose: 0 : 1128, 1, 2024/04/04, 18:37:50.875, 1609476366923, vstest.console.dll, TestPluginCache.GetExtensionPaths: Added unfilterableExtensionPaths: 
TpTrace Information: 0 : 1128, 1, 2024/04/04, 18:37:50.876, 1609476368687, vstest.console.dll, AssemblyResolver.AddSearchDirectories: Adding more searchDirectories C:\Program Files\dotnet\sdk\8.0.200\Extensions,C:\Program Files\dotnet\sdk\8.0.200
TpTrace Verbose: 0 : 1128, 1, 2024/04/04, 18:37:50.876, 1609476369197, vstest.console.dll, TestPluginCache.DiscoverTestExtensions: Discovering the extensions using extension path.
TpTrace Verbose: 0 : 1128, 1, 2024/04/04, 18:37:50.876, 1609476369515, vstest.console.dll, TestPluginCache.GetExtensionPaths: Filtered extension paths: 
TpTrace Verbose: 0 : 1128, 1, 2024/04/04, 18:37:50.876, 1609476369828, vstest.console.dll, TestPluginCache.GetExtensionPaths: Added default extension paths: C:\Program Files\dotnet\sdk\8.0.200\Extensions\Microsoft.Diagnostics.NETCore.Client.dll
C:\Program Files\dotnet\sdk\8.0.200\Extensions\Microsoft.TestPlatform.Extensions.BlameDataCollector.dll
C:\Program Files\dotnet\sdk\8.0.200\Extensions\Microsoft.TestPlatform.Extensions.EventLogCollector.dll
C:\Program Files\dotnet\sdk\8.0.200\Extensions\Microsoft.TestPlatform.TestHostRuntimeProvider.dll
C:\Program Files\dotnet\sdk\8.0.200\Extensions\Microsoft.VisualStudio.TestPlatform.Extensions.Html.TestLogger.dll
C:\Program Files\dotnet\sdk\8.0.200\Extensions\Microsoft.VisualStudio.TestPlatform.Extensions.Trx.TestLogger.dll
TpTrace Verbose: 0 : 1128, 1, 2024/04/04, 18:37:50.876, 1609476370085, vstest.console.dll, TestPluginCache.GetExtensionPaths: Added unfilterableExtensionPaths: 
TpTrace Verbose: 0 : 1128, 1, 2024/04/04, 18:37:50.876, 1609476371087, vstest.console.dll, TestPluginCache.DiscoverTestExtensions: Discovering the extensions using allExtensionPaths: C:\Program Files\dotnet\sdk\8.0.200\Extensions\Microsoft.Diagnostics.NETCore.Client.dll
C:\Program Files\dotnet\sdk\8.0.200\Extensions\Microsoft.TestPlatform.Extensions.BlameDataCollector.dll
C:\Program Files\dotnet\sdk\8.0.200\Extensions\Microsoft.TestPlatform.Extensions.EventLogCollector.dll
C:\Program Files\dotnet\sdk\8.0.200\Extensions\Microsoft.TestPlatform.TestHostRuntimeProvider.dll
C:\Program Files\dotnet\sdk\8.0.200\Extensions\Microsoft.VisualStudio.TestPlatform.Extensions.Html.TestLogger.dll
C:\Program Files\dotnet\sdk\8.0.200\Extensions\Microsoft.VisualStudio.TestPlatform.Extensions.Trx.TestLogger.dll
TpTrace Information: 0 : 1128, 1, 2024/04/04, 18:37:50.876, 1609476371651, vstest.console.dll, AssemblyResolver.AddSearchDirectories: Adding more searchDirectories C:\Program Files\dotnet\sdk\8.0.200\Extensions,C:\Program Files\dotnet\sdk\8.0.200
TpTrace Information: 0 : 1128, 1, 2024/04/04, 18:37:50.876, 1609476372201, vstest.console.dll, AssemblyResolver.AddSearchDirectories: Adding more searchDirectories C:\Program Files\dotnet\sdk\8.0.200\Extensions,C:\Program Files\dotnet\sdk\8.0.200
TpTrace Information: 0 : 1128, 1, 2024/04/04, 18:37:50.876, 1609476372489, vstest.console.dll, AssemblyResolver.AddSearchDirectories: Adding more searchDirectories C:\Program Files\dotnet\sdk\8.0.200\Extensions,C:\Program Files\dotnet\sdk\8.0.200
TpTrace Information: 0 : 1128, 1, 2024/04/04, 18:37:50.876, 1609476372747, vstest.console.dll, AssemblyResolver.AddSearchDirectories: Adding more searchDirectories C:\Program Files\dotnet\sdk\8.0.200\Extensions,C:\Program Files\dotnet\sdk\8.0.200
TpTrace Information: 0 : 1128, 1, 2024/04/04, 18:37:50.876, 1609476373051, vstest.console.dll, AssemblyResolver.AddSearchDirectories: Adding more searchDirectories C:\Program Files\dotnet\sdk\8.0.200\Extensions,C:\Program Files\dotnet\sdk\8.0.200
TpTrace Information: 0 : 1128, 1, 2024/04/04, 18:37:50.876, 1609476373309, vstest.console.dll, AssemblyResolver.AddSearchDirectories: Adding more searchDirectories C:\Program Files\dotnet\sdk\8.0.200\Extensions,C:\Program Files\dotnet\sdk\8.0.200
TpTrace Verbose: 0 : 1128, 1, 2024/04/04, 18:37:50.876, 1609476374429, vstest.console.dll, MetadataReaderExtensionsHelper: Discovering extensions inside assembly 'Microsoft.Diagnostics.NETCore.Client, Version=0.2.9.2401, Culture=neutral, PublicKeyToken=31bf3856ad364e35' file path 'C:\Program Files\dotnet\sdk\8.0.200\Extensions\Microsoft.Diagnostics.NETCore.Client.dll'
TpTrace Information: 0 : 1128, 1, 2024/04/04, 18:37:50.878, 1609476388769, vstest.console.dll, AssemblyResolver.OnResolve: Microsoft.Bcl.AsyncInterfaces: Resolving assembly.
TpTrace Information: 0 : 1128, 1, 2024/04/04, 18:37:50.878, 1609476389504, vstest.console.dll, AssemblyResolver.OnResolve: Microsoft.Bcl.AsyncInterfaces: Resolved from cache.
TpTrace Verbose: 0 : 1128, 1, 2024/04/04, 18:37:50.878, 1609476389778, vstest.console.dll, CurrentDomainAssemblyResolve: Resolving assembly 'Microsoft.Bcl.AsyncInterfaces'.
TpTrace Information: 0 : 1128, 1, 2024/04/04, 18:37:50.878, 1609476390228, vstest.console.dll, AssemblyResolver.OnResolve: Microsoft.Bcl.AsyncInterfaces: Resolving assembly.
TpTrace Information: 0 : 1128, 1, 2024/04/04, 18:37:50.878, 1609476390515, vstest.console.dll, AssemblyResolver.OnResolve: Microsoft.Bcl.AsyncInterfaces: Resolved from cache.
TpTrace Verbose: 0 : 1128, 1, 2024/04/04, 18:37:50.878, 1609476390753, vstest.console.dll, CurrentDomainAssemblyResolve: Resolving assembly 'Microsoft.Bcl.AsyncInterfaces'.
TpTrace Verbose: 0 : 1128, 1, 2024/04/04, 18:37:50.878, 1609476390978, vstest.console.dll, CurrentDomainAssemblyResolve: Failed to resolve assembly 'Microsoft.Bcl.AsyncInterfaces'.
TpTrace Verbose: 0 : 1128, 1, 2024/04/04, 18:37:50.878, 1609476392749, vstest.console.dll, CurrentDomainAssemblyResolve: Failed to resolve assembly 'Microsoft.Bcl.AsyncInterfaces'.
TpTrace Warning: 0 : 1128, 1, 2024/04/04, 18:37:50.878, 1609476396472, vstest.console.dll, TestPluginDiscoverer: Failed to get types from assembly 'Microsoft.Diagnostics.NETCore.Client, Version=0.2.9.2401, Culture=neutral, PublicKeyToken=31bf3856ad364e35'. Error: System.Reflection.ReflectionTypeLoadException: Unable to load one or more of the requested types.
Could not load file or assembly 'Microsoft.Bcl.AsyncInterfaces, Version=6.0.0.0, Culture=neutral, PublicKeyToken=cc7b13ffcd2ddd51'. The system cannot find the file specified.
   at System.Reflection.RuntimeModule.GetTypes(RuntimeModule module)
   at System.Reflection.RuntimeModule.GetTypes()
   at Microsoft.VisualStudio.TestPlatform.Common.ExtensionFramework.TestPluginDiscoverer.GetTestExtensionsFromAssembly[TPluginInfo,TExtension](Assembly assembly, Dictionary`2 pluginInfos, String filePath) in /_/src/Microsoft.TestPlatform.Common/ExtensionFramework/TestPluginDiscoverer.cs:line 158
System.IO.FileNotFoundException: Could not load file or assembly 'Microsoft.Bcl.AsyncInterfaces, Version=6.0.0.0, Culture=neutral, PublicKeyToken=cc7b13ffcd2ddd51'. The system cannot find the file specified.
File name: 'Microsoft.Bcl.AsyncInterfaces, Version=6.0.0.0, Culture=neutral, PublicKeyToken=cc7b13ffcd2ddd51'
 ---> System.IO.FileNotFoundException: Could not load file or assembly 'Microsoft.Bcl.AsyncInterfaces, Culture=neutral, PublicKeyToken=null'. The system cannot find the file specified.
File name: 'Microsoft.Bcl.AsyncInterfaces, Culture=neutral, PublicKeyToken=null'
   at System.Reflection.RuntimeAssembly.InternalLoad(AssemblyName assemblyName, StackCrawlMark& stackMark, AssemblyLoadContext assemblyLoadContext, RuntimeAssembly requestingAssembly, Boolean throwOnFileNotFound)
   at System.Reflection.Assembly.Load(AssemblyName assemblyRef)
   at Microsoft.VisualStudio.TestPlatform.Common.ExtensionFramework.TestPluginCache.CurrentDomainAssemblyResolve(Object sender, AssemblyResolveEventArgs args) in /_/src/Microsoft.TestPlatform.Common/ExtensionFramework/TestPluginCache.cs:line 513
   at System.Runtime.Loader.AssemblyLoadContext.GetFirstResolvedAssemblyFromResolvingEvent(AssemblyName assemblyName)
   at System.Runtime.Loader.AssemblyLoadContext.ResolveUsingEvent(AssemblyName assemblyName)
   at System.Runtime.Loader.AssemblyLoadContext.ResolveUsingResolvingEvent(IntPtr gchManagedAssemblyLoadContext, AssemblyName assemblyName)
TpTrace Warning: 0 : 1128, 1, 2024/04/04, 18:37:50.879, 1609476398398, vstest.console.dll, LoaderExceptions: System.IO.FileNotFoundException: Could not load file or assembly 'Microsoft.Bcl.AsyncInterfaces, Version=6.0.0.0, Culture=neutral, PublicKeyToken=cc7b13ffcd2ddd51'. The system cannot find the file specified.
File name: 'Microsoft.Bcl.AsyncInterfaces, Version=6.0.0.0, Culture=neutral, PublicKeyToken=cc7b13ffcd2ddd51'
 ---> System.IO.FileNotFoundException: Could not load file or assembly 'Microsoft.Bcl.AsyncInterfaces, Culture=neutral, PublicKeyToken=null'. The system cannot find the file specified.
File name: 'Microsoft.Bcl.AsyncInterfaces, Culture=neutral, PublicKeyToken=null'
   at System.Reflection.RuntimeAssembly.InternalLoad(AssemblyName assemblyName, StackCrawlMark& stackMark, AssemblyLoadContext assemblyLoadContext, RuntimeAssembly requestingAssembly, Boolean throwOnFileNotFound)
   at System.Reflection.Assembly.Load(AssemblyName assemblyRef)
   at Microsoft.VisualStudio.TestPlatform.Common.ExtensionFramework.TestPluginCache.CurrentDomainAssemblyResolve(Object sender, AssemblyResolveEventArgs args) in /_/src/Microsoft.TestPlatform.Common/ExtensionFramework/TestPluginCache.cs:line 513
   at System.Runtime.Loader.AssemblyLoadContext.GetFirstResolvedAssemblyFromResolvingEvent(AssemblyName assemblyName)
   at System.Runtime.Loader.AssemblyLoadContext.ResolveUsingEvent(AssemblyName assemblyName)
   at System.Runtime.Loader.AssemblyLoadContext.ResolveUsingResolvingEvent(IntPtr gchManagedAssemblyLoadContext, AssemblyName assemblyName)
TpTrace Verbose: 0 : 1128, 1, 2024/04/04, 18:37:50.879, 1609476399225, vstest.console.dll, MetadataReaderExtensionsHelper: Discovering extensions inside assembly 'Microsoft.TestPlatform.Extensions.BlameDataCollector, Version=15.0.0.0, Culture=neutral, PublicKeyToken=b03f5f7f11d50a3a' file path 'C:\Program Files\dotnet\sdk\8.0.200\Extensions\Microsoft.TestPlatform.Extensions.BlameDataCollector.dll'
TpTrace Information: 0 : 1128, 1, 2024/04/04, 18:37:50.880, 1609476408608, vstest.console.dll, GetTestExtensionFromType: Register extension with identifier data 'logger://Microsoft/TestPlatform/Extensions/Blame/v1' and type 'Microsoft.TestPlatform.Extensions.BlameDataCollector.BlameLogger, Microsoft.TestPlatform.Extensions.BlameDataCollector, Version=15.0.0.0, Culture=neutral, PublicKeyToken=b03f5f7f11d50a3a' inside file 'C:\Program Files\dotnet\sdk\8.0.200\Extensions\Microsoft.TestPlatform.Extensions.BlameDataCollector.dll'
TpTrace Verbose: 0 : 1128, 1, 2024/04/04, 18:37:50.880, 1609476409648, vstest.console.dll, MetadataReaderExtensionsHelper: Discovering extensions inside assembly 'Microsoft.TestPlatform.Extensions.EventLogCollector, Version=15.0.0.0, Culture=neutral, PublicKeyToken=b03f5f7f11d50a3a' file path 'C:\Program Files\dotnet\sdk\8.0.200\Extensions\Microsoft.TestPlatform.Extensions.EventLogCollector.dll'
TpTrace Verbose: 0 : 1128, 1, 2024/04/04, 18:37:50.880, 1609476415387, vstest.console.dll, MetadataReaderExtensionsHelper: Discovering extensions inside assembly 'Microsoft.TestPlatform.TestHostRuntimeProvider, Version=15.0.0.0, Culture=neutral, PublicKeyToken=b03f5f7f11d50a3a' file path 'C:\Program Files\dotnet\sdk\8.0.200\Extensions\Microsoft.TestPlatform.TestHostRuntimeProvider.dll'
TpTrace Verbose: 0 : 1128, 1, 2024/04/04, 18:37:50.881, 1609476420730, vstest.console.dll, MetadataReaderExtensionsHelper: Discovering extensions inside assembly 'Microsoft.VisualStudio.TestPlatform.Extensions.Html.TestLogger, Version=15.0.0.0, Culture=neutral, PublicKeyToken=b03f5f7f11d50a3a' file path 'C:\Program Files\dotnet\sdk\8.0.200\Extensions\Microsoft.VisualStudio.TestPlatform.Extensions.Html.TestLogger.dll'
TpTrace Information: 0 : 1128, 1, 2024/04/04, 18:37:50.882, 1609476429209, vstest.console.dll, GetTestExtensionFromType: Register extension with identifier data 'logger://Microsoft/TestPlatform/HtmlLogger/v1' and type 'Microsoft.VisualStudio.TestPlatform.Extensions.HtmlLogger.HtmlLogger, Microsoft.VisualStudio.TestPlatform.Extensions.Html.TestLogger, Version=15.0.0.0, Culture=neutral, PublicKeyToken=b03f5f7f11d50a3a' inside file 'C:\Program Files\dotnet\sdk\8.0.200\Extensions\Microsoft.VisualStudio.TestPlatform.Extensions.Html.TestLogger.dll'
TpTrace Verbose: 0 : 1128, 1, 2024/04/04, 18:37:50.882, 1609476430181, vstest.console.dll, MetadataReaderExtensionsHelper: Discovering extensions inside assembly 'Microsoft.VisualStudio.TestPlatform.Extensions.Trx.TestLogger, Version=15.0.0.0, Culture=neutral, PublicKeyToken=b03f5f7f11d50a3a' file path 'C:\Program Files\dotnet\sdk\8.0.200\Extensions\Microsoft.VisualStudio.TestPlatform.Extensions.Trx.TestLogger.dll'
TpTrace Information: 0 : 1128, 1, 2024/04/04, 18:37:50.883, 1609476437922, vstest.console.dll, GetTestExtensionFromType: Register extension with identifier data 'logger://Microsoft/TestPlatform/TrxLogger/v1' and type 'Microsoft.VisualStudio.TestPlatform.Extensions.TrxLogger.TrxLogger, Microsoft.VisualStudio.TestPlatform.Extensions.Trx.TestLogger, Version=15.0.0.0, Culture=neutral, PublicKeyToken=b03f5f7f11d50a3a' inside file 'C:\Program Files\dotnet\sdk\8.0.200\Extensions\Microsoft.VisualStudio.TestPlatform.Extensions.Trx.TestLogger.dll'
TpTrace Verbose: 0 : 1128, 1, 2024/04/04, 18:37:50.883, 1609476438981, vstest.console.dll, TestPluginCache: Discovered the extensions using extension path ''.
TpTrace Verbose: 0 : 1128, 1, 2024/04/04, 18:37:50.883, 1609476439317, vstest.console.dll, TestPluginCache: Discoverers are ''.
TpTrace Verbose: 0 : 1128, 1, 2024/04/04, 18:37:50.883, 1609476439542, vstest.console.dll, TestPluginCache: Executors are ''.
TpTrace Verbose: 0 : 1128, 1, 2024/04/04, 18:37:50.883, 1609476439763, vstest.console.dll, TestPluginCache: Executors2 are ''.
TpTrace Verbose: 0 : 1128, 1, 2024/04/04, 18:37:50.883, 1609476440001, vstest.console.dll, TestPluginCache: Setting providers are ''.
TpTrace Verbose: 0 : 1128, 1, 2024/04/04, 18:37:50.883, 1609476443454, vstest.console.dll, TestPluginCache: Loggers are 'logger://Microsoft/TestPlatform/Extensions/Blame/v1,logger://Microsoft/TestPlatform/HtmlLogger/v1,logger://Microsoft/TestPlatform/TrxLogger/v1'.
TpTrace Verbose: 0 : 1128, 1, 2024/04/04, 18:37:50.883, 1609476444364, vstest.console.dll, TestPluginCache: TestHosts are 'HostProvider://DefaultTestHost,HostProvider://DotnetTestHost'.
TpTrace Verbose: 0 : 1128, 1, 2024/04/04, 18:37:50.883, 1609476444684, vstest.console.dll, TestPluginCache: DataCollectors are ''.
TpTrace Information: 0 : 1128, 1, 2024/04/04, 18:37:50.884, 1609476454307, vstest.console.dll, TestPluginManager.CreateTestExtension: Attempting to load test extension: Microsoft.TestPlatform.Extensions.BlameDataCollector.BlameLogger
TpTrace Verbose: 0 : 1128, 1, 2024/04/04, 18:37:50.897, 1609476582851, vstest.console.dll, TestEngine: Initializing Parallel Execution as MaxCpuCount is set to: 1
TpTrace Information: 0 : 1128, 1, 2024/04/04, 18:37:50.899, 1609476603342, vstest.console.dll, TestPluginManager.CreateTestExtension: Attempting to load test extension: Microsoft.VisualStudio.TestPlatform.CrossPlatEngine.Hosting.DefaultTestHostManager
TpTrace Information: 0 : 1128, 1, 2024/04/04, 18:37:50.900, 1609476616981, vstest.console.dll, TestPluginManager.CreateTestExtension: Attempting to load test extension: Microsoft.VisualStudio.TestPlatform.CrossPlatEngine.Hosting.DotnetTestHostManager
TpTrace Information: 0 : 1128, 1, 2024/04/04, 18:37:50.901, 1609476623749, vstest.console.dll, InferRunSettingsHelper.IsTestSettingsEnabled: Unable to navigate to RunSettings/MSTest. Current node: RunSettings
TpTrace Verbose: 0 : 1128, 1, 2024/04/04, 18:37:50.902, 1609476631704, vstest.console.dll, ParallelOperationManager.ClearSlots: Clearing all slots. Slots should accept more work: True
TpTrace Verbose: 0 : 1128, 1, 2024/04/04, 18:37:50.903, 1609476639344, vstest.console.dll, ParallelOperationManager.SetOccupiedSlotCount: Setting slot counts AvailableSlotCount = 3, OccupiedSlotCount = 0.
TpTrace Verbose: 0 : 1128, 1, 2024/04/04, 18:37:50.903, 1609476642862, vstest.console.dll, Occupied slots:

TpTrace Verbose: 0 : 1128, 1, 2024/04/04, 18:37:50.907, 1609476683071, vstest.console.dll, TestEngine.GetExecutionManager: Chosen execution manager 'Microsoft.VisualStudio.TestPlatform.CrossPlatEngine.Client.Parallel.ParallelProxyExecutionManager, Microsoft.TestPlatform.CrossPlatEngine, Version=15.0.0.0, Culture=neutral, PublicKeyToken=b03f5f7f11d50a3a' ParallelLevel '1'.
TpTrace Verbose: 0 : 1128, 1, 2024/04/04, 18:37:50.907, 1609476684723, vstest.console.dll, TestRunRequest.ExecuteAsync: Creating test run request.
TpTrace Verbose: 0 : 1128, 1, 2024/04/04, 18:37:50.907, 1609476687056, vstest.console.dll, TestRunRequest.ExecuteAsync: Starting.
TpTrace Information: 0 : 1128, 1, 2024/04/04, 18:37:50.909, 1609476700385, vstest.console.dll, TestRunRequest.ExecuteAsync: Starting run with settings:TestRunCriteria:
   KeepAlive=False,FrequencyOfRunStatsChangeEvent=10,RunStatsChangeEventTimeout=00:00:01.5000000,TestCaseFilter=,TestExecutorLauncher=
   Settingsxml=<RunSettings>
  <RunConfiguration>
    <ResultsDirectory>C:\Users\Localhost\Documents\softuni\Back-EndTest_Automation\29.03.ExerCI2\CI_Resources\02-House-Renting-System-App\HouseRentingSystem.Tests\bin\Debug\net6.0\fine-code-coverage\coverage-tool-output</ResultsDirectory>
    <TargetPlatform>X64</TargetPlatform>
    <TargetFrameworkVersion>.NETCoreApp,Version=v6.0</TargetFrameworkVersion>
    <DesignMode>False</DesignMode>
    <CollectSourceInformation>False</CollectSourceInformation>
  </RunConfiguration>
  <LoggerRunSettings>
    <Loggers>
      <Logger friendlyName="blame" enabled="True" />
      <Logger friendlyName="Console" uri="logger://microsoft/TestPlatform/ConsoleLogger/v1" assemblyQualifiedName="Microsoft.VisualStudio.TestPlatform.CommandLine.Internal.ConsoleLogger, vstest.console, Version=15.0.0.0, Culture=neutral, PublicKeyToken=b03f5f7f11d50a3a" codeBase="C:\Program Files\dotnet\sdk\8.0.200\vstest.console.dll" enabled="True" />
    </Loggers>
  </LoggerRunSettings>
  <DataCollectionRunSettings>
    <DataCollectors>
      <DataCollector friendlyName="blame" enabled="True">
        <Configuration>
          <ResultsDirectory>C:\Users\Localhost\Documents\softuni\Back-EndTest_Automation\29.03.ExerCI2\CI_Resources\02-House-Renting-System-App\HouseRentingSystem.Tests\bin\Debug\net6.0\fine-code-coverage\coverage-tool-output</ResultsDirectory>
        </Configuration>
      </DataCollector>
    </DataCollectors>
  </DataCollectionRunSettings>
</RunSettings>

TpTrace Verbose: 0 : 1128, 1, 2024/04/04, 18:37:50.909, 1609476701248, vstest.console.dll, TestRunRequest.ExecuteAsync: Wait for the first run request is over.
TpTrace Verbose: 0 : 1128, 1, 2024/04/04, 18:37:50.909, 1609476705385, vstest.console.dll, MulticastDelegateUtilities.SafeInvoke: TestRun.TestRunStart: Invoking callbacks was skipped because there are no subscribers.
TpTrace Verbose: 0 : 1128, 4, 2024/04/04, 18:37:50.910, 1609476709345, vstest.console.dll, MulticastDelegateUtilities.SafeInvoke: InternalTestLoggerEvents.SendTestRunStart: Invoking callback 1/1 for Microsoft.VisualStudio.TestPlatform.CommandLine.Internal.ConsoleLogger., took 0 ms.
TpTrace Verbose: 0 : 1128, 1, 2024/04/04, 18:37:50.910, 1609476717030, vstest.console.dll, ParallelProxyExecutionManager: Start execution. Total sources: 1
TpTrace Verbose: 0 : 1128, 1, 2024/04/04, 18:37:50.911, 1609476720941, vstest.console.dll, ParallelOperationManager.StartWork: Starting adding 1 workloads.
TpTrace Verbose: 0 : 1128, 1, 2024/04/04, 18:37:50.911, 1609476721645, vstest.console.dll, ParallelOperationManager.ClearSlots: Clearing all slots. Slots should accept more work: True
TpTrace Verbose: 0 : 1128, 1, 2024/04/04, 18:37:50.911, 1609476722288, vstest.console.dll, ParallelOperationManager.SetOccupiedSlotCount: Setting slot counts AvailableSlotCount = 3, OccupiedSlotCount = 0.
TpTrace Verbose: 0 : 1128, 1, 2024/04/04, 18:37:50.911, 1609476722627, vstest.console.dll, Occupied slots:

TpTrace Verbose: 0 : 1128, 1, 2024/04/04, 18:37:50.913, 1609476739775, vstest.console.dll, TestRequestSender is acting as server.
TpTrace Verbose: 0 : 1128, 1, 2024/04/04, 18:37:50.914, 1609476756824, vstest.console.dll, ParallelOperationManager.RunWorkInParallel: Adding 1 workload to slot, remaining workloads 0.
TpTrace Verbose: 0 : 1128, 1, 2024/04/04, 18:37:50.915, 1609476757638, vstest.console.dll, ParallelOperationManager.SetOccupiedSlotCount: Setting slot counts AvailableSlotCount = 2, OccupiedSlotCount = 1.
TpTrace Verbose: 0 : 1128, 1, 2024/04/04, 18:37:50.915, 1609476758785, vstest.console.dll, Occupied slots:
0: C:\Users\Localhost\Documents\softuni\Back-EndTest_Automation\29.03.ExerCI2\CI_Resources\02-House-Renting-System-App\HouseRentingSystem.Tests\bin\Debug\net6.0\fine-code-coverage\build-output\HouseRentingSystem.Tests.dll
TpTrace Verbose: 0 : 1128, 1, 2024/04/04, 18:37:50.916, 1609476773745, vstest.console.dll, ParallelOperationManager.RunWorkInParallel: Started host in slot number 0 for work (source): C:\Users\Localhost\Documents\softuni\Back-EndTest_Automation\29.03.ExerCI2\CI_Resources\02-House-Renting-System-App\HouseRentingSystem.Tests\bin\Debug\net6.0\fine-code-coverage\build-output\HouseRentingSystem.Tests.dll.
TpTrace Verbose: 0 : 1128, 1, 2024/04/04, 18:37:50.917, 1609476784155, vstest.console.dll, ParallelOperationManager.RunWorkInParallel: We started 1 work items, which is the max parallel level. Won't start more work.
TpTrace Verbose: 0 : 1128, 1, 2024/04/04, 18:37:50.917, 1609476784928, vstest.console.dll, ParallelOperationManager.RunWorkInParallel: We started 1 work items in here, returning True.
TpTrace Information: 0 : 1128, 1, 2024/04/04, 18:37:50.917, 1609476785258, vstest.console.dll, TestRunRequest.ExecuteAsync: Started.
TpTrace Verbose: 0 : 1128, 5, 2024/04/04, 18:37:50.917, 1609476786516, vstest.console.dll, ParallelProxyExecutionManager.StartTestRunOnConcurrentManager: Initializing uninitialized client. Started clients: 0
TpTrace Verbose: 0 : 1128, 5, 2024/04/04, 18:37:50.918, 1609476788451, vstest.console.dll, DataCollectionRequestSender.InitializeCommunication : Initialize communication. 
TpTrace Verbose: 0 : 1128, 1, 2024/04/04, 18:37:50.918, 1609476792254, vstest.console.dll, TestRunRequest.WaitForCompletion: Waiting with timeout -1.
TpTrace Information: 0 : 1128, 5, 2024/04/04, 18:37:50.927, 1609476882719, vstest.console.dll, Listening on Endpoint : 127.0.0.1:53575
TpTrace Verbose: 0 : 1128, 5, 2024/04/04, 18:37:50.935, 1609476965289, vstest.console.dll, DotnetDataCollectionLauncher: Adding  --runtimeconfig "C:\Program Files\dotnet\sdk\8.0.200\datacollector.runtimeconfig.json" in args
TpTrace Verbose: 0 : 1128, 5, 2024/04/04, 18:37:50.935, 1609476967227, vstest.console.dll, DotnetDataCollectionLauncher: Adding  --depsfile "C:\Program Files\dotnet\sdk\8.0.200\datacollector.deps.json" in args
TpTrace Verbose: 0 : 1128, 5, 2024/04/04, 18:37:50.936, 1609476969104, vstest.console.dll, DotnetDataCollectionLauncher: Full path of dotnet.exe is C:\Program Files\dotnet\dotnet.exe
TpTrace Information: 0 : 1128, 5, 2024/04/04, 18:37:50.944, 1609477052004, vstest.console.dll, ProxyDataCollectionManager.Initialize: Launched datacollector processId: 5572 port: 53575
TpTrace Information: 0 : 1128, 5, 2024/04/04, 18:37:50.944, 1609477053456, vstest.console.dll, ProxyDataCollectionManager.Initialize: waiting for connection with timeout: 90 seconds
TpTrace Verbose: 0 : 1128, 5, 2024/04/04, 18:37:50.944, 1609477053905, vstest.console.dll, DataCollectionRequestSender.WaitForRequestHandlerConnection : Waiting for connection with timeout: 90000
TpTrace Information: 0 : 1128, 7, 2024/04/04, 18:37:51.130, 1609478912928, vstest.console.dll, Using the buffer size of 16384 bytes
TpTrace Verbose: 0 : 1128, 5, 2024/04/04, 18:37:51.130, 1609478913241, vstest.console.dll, SocketCommunicationManager.WaitForClientConnection took: 185 ms, with 90000 ms timeout, and finished with True.
TpTrace Information: 0 : 1128, 7, 2024/04/04, 18:37:51.130, 1609478914303, vstest.console.dll, Accepted Client request and set the flag
TpTrace Verbose: 0 : 1128, 5, 2024/04/04, 18:37:51.130, 1609478915975, vstest.console.dll, ProxyDataCollectionManager.InvokeDataCollectionServiceAction: Starting.
TpTrace Information: 0 : 1128, 5, 2024/04/04, 18:37:51.130, 1609478916878, vstest.console.dll, ProxyDataCollectionManager.BeforeTestRunStart: Get environment variable and port for datacollector processId: 5572 port: 53575
TpTrace Verbose: 0 : 1128, 5, 2024/04/04, 18:37:51.131, 1609478917940, vstest.console.dll, DataCollectionRequestSender.SendBeforeTestRunStartAndGetResult: Send BeforeTestRunStart message with settingsXml <RunSettings><RunConfiguration><ResultsDirectory>C:\Users\Localhost\Documents\softuni\Back-EndTest_Automation\29.03.ExerCI2\CI_Resources\02-House-Renting-System-App\HouseRentingSystem.Tests\bin\Debug\net6.0\fine-code-coverage\coverage-tool-output</ResultsDirectory><TargetPlatform>X64</TargetPlatform><TargetFrameworkVersion>.NETCoreApp,Version=v6.0</TargetFrameworkVersion><DesignMode>False</DesignMode><CollectSourceInformation>False</CollectSourceInformation><TestAdaptersPaths>C:\Program Files\dotnet\sdk\8.0.200\Extensions</TestAdaptersPaths></RunConfiguration><LoggerRunSettings><Loggers><Logger friendlyName="blame" enabled="True" /><Logger friendlyName="Console" uri="logger://microsoft/TestPlatform/ConsoleLogger/v1" assemblyQualifiedName="Microsoft.VisualStudio.TestPlatform.CommandLine.Internal.ConsoleLogger, vstest.console, Version=15.0.0.0, Culture=neutral, PublicKeyToken=b03f5f7f11d50a3a" codeBase="C:\Program Files\dotnet\sdk\8.0.200\vstest.console.dll" enabled="True" /></Loggers></LoggerRunSettings><DataCollectionRunSettings><DataCollectors><DataCollector friendlyName="blame" enabled="True"><Configuration><ResultsDirectory>C:\Users\Localhost\Documents\softuni\Back-EndTest_Automation\29.03.ExerCI2\CI_Resources\02-House-Renting-System-App\HouseRentingSystem.Tests\bin\Debug\net6.0\fine-code-coverage\coverage-tool-output</ResultsDirectory></Configuration></DataCollector></DataCollectors></DataCollectionRunSettings></RunSettings> and sources System.Collections.Generic.List`1[System.String]: 
TpTrace Verbose: 0 : 1128, 5, 2024/04/04, 18:37:51.221, 1609479826821, vstest.console.dll, DataCollectionRequestSender.SendBeforeTestRunStartAndGetResult: Received message: (DataCollection.SendMessage) -> {"MessageType":"DataCollection.SendMessage","Payload":{"FriendlyName":null,"Uri":null,"TestCaseId":"00000000-0000-0000-0000-000000000000","Message":"Logging DataCollector Diagnostics in file: C:\\Users\\Localhost\\Documents\\softuni\\Back-EndTest_Automation\\29.03.ExerCI2\\CI_Resources\\02-House-Renting-System-App\\HouseRentingSystem.Tests\\bin\\Debug\\net6.0\\fine-code-coverage\\coverage-tool-output\\diagnostics.datacollector.24-04-04_18-37-50_93536_5.log","Level":0}}
TpTrace Verbose: 0 : 1128, 5, 2024/04/04, 18:37:51.329, 1609480906200, vstest.console.dll, DataCollectionRequestSender.SendBeforeTestRunStartAndGetResult: Received message: (DataCollection.BeforeTestRunStartResult) -> {"MessageType":"DataCollection.BeforeTestRunStartResult","Payload":{"EnvironmentVariables":{},"DataCollectionEventsPort":53577}}
TpTrace Information: 0 : 1128, 5, 2024/04/04, 18:37:51.336, 1609480969007, vstest.console.dll, ProxyDataCollectionManager.BeforeTestRunStart: SendBeforeTestRunStartAndGetResult successful, env variable from datacollector:   and testhost port: 53577
TpTrace Information: 0 : 1128, 5, 2024/04/04, 18:37:51.336, 1609480970183, vstest.console.dll, ProxyDataCollectionManager.InvokeDataCollectionServiceAction: Completed.
TpTrace Verbose: 0 : 1128, 5, 2024/04/04, 18:37:51.336, 1609480970671, vstest.console.dll, ParallelProxyExecutionManager.StartTestRunOnConcurrentManager: Initializing test run. Started clients: 0
TpTrace Verbose: 0 : 1128, 5, 2024/04/04, 18:37:51.336, 1609480971757, vstest.console.dll, ProxyExecutionManager: Test host is always Lazy initialize.
TpTrace Verbose: 0 : 1128, 5, 2024/04/04, 18:37:51.336, 1609480974160, vstest.console.dll, TestRequestSender.InitializeCommunication: initialize communication. 
TpTrace Information: 0 : 1128, 5, 2024/04/04, 18:37:51.337, 1609480982413, vstest.console.dll, SocketServer.Start: Listening on endpoint : 127.0.0.1:53578
TpTrace Verbose: 0 : 1128, 5, 2024/04/04, 18:37:51.338, 1609480991398, vstest.console.dll, DotnetTestHostmanager.GetTestHostProcessStartInfo: Platform environment 'X64' target architecture 'X64' framework '.NETCoreApp,Version=v6.0' OS 'Windows'
TpTrace Verbose: 0 : 1128, 5, 2024/04/04, 18:37:51.338, 1609480994188, vstest.console.dll, DotnetTestHostmanager: Adding  --runtimeconfig "C:\Users\Localhost\Documents\softuni\Back-EndTest_Automation\29.03.ExerCI2\CI_Resources\02-House-Renting-System-App\HouseRentingSystem.Tests\bin\Debug\net6.0\fine-code-coverage\build-output\HouseRentingSystem.Tests.runtimeconfig.json" in args
TpTrace Verbose: 0 : 1128, 5, 2024/04/04, 18:37:51.338, 1609480995454, vstest.console.dll, DotnetTestHostmanager: Adding  --depsfile "C:\Users\Localhost\Documents\softuni\Back-EndTest_Automation\29.03.ExerCI2\CI_Resources\02-House-Renting-System-App\HouseRentingSystem.Tests\bin\Debug\net6.0\fine-code-coverage\build-output\HouseRentingSystem.Tests.deps.json" in args
TpTrace Verbose: 0 : 1128, 5, 2024/04/04, 18:37:51.338, 1609480997450, vstest.console.dll, DotnetTestHostmanager.IsWinOnArm: Current PROCESSOR_ARCHITECTURE from environment variable 'AMD64'
TpTrace Verbose: 0 : 1128, 5, 2024/04/04, 18:37:51.339, 1609480998044, vstest.console.dll, DotnetTestHostmanager.IsWinOnArm: Is Windows on ARM 'False'
TpTrace Verbose: 0 : 1128, 5, 2024/04/04, 18:37:51.339, 1609480999024, vstest.console.dll, DotnetTestHostManager: testhost.exe found at path: C:\Users\Localhost\Documents\softuni\Back-EndTest_Automation\29.03.ExerCI2\CI_Resources\02-House-Renting-System-App\HouseRentingSystem.Tests\bin\Debug\net6.0\fine-code-coverage\build-output\testhost.exe
TpTrace Verbose: 0 : 1128, 5, 2024/04/04, 18:37:51.339, 1609480999538, vstest.console.dll, DotnetTestHostmanager: Full path of host exe is C:\Users\Localhost\Documents\softuni\Back-EndTest_Automation\29.03.ExerCI2\CI_Resources\02-House-Renting-System-App\HouseRentingSystem.Tests\bin\Debug\net6.0\fine-code-coverage\build-output\testhost.exe
TpTrace Verbose: 0 : 1128, 5, 2024/04/04, 18:37:51.339, 1609481000839, vstest.console.dll, DotnetTestHostmanager.LaunchTestHostAsync: Found 'VSTEST_WINAPPHOST_DOTNET_ROOT' in env variables, value 'C:\Program Files\dotnet', forwarding to 'DOTNET_ROOT'
TpTrace Verbose: 0 : 1128, 5, 2024/04/04, 18:37:51.339, 1609481002536, vstest.console.dll, DotnetTestHostManager: Starting process 'C:\Users\Localhost\Documents\softuni\Back-EndTest_Automation\29.03.ExerCI2\CI_Resources\02-House-Renting-System-App\HouseRentingSystem.Tests\bin\Debug\net6.0\fine-code-coverage\build-output\testhost.exe' with command line ' --runtimeconfig "C:\Users\Localhost\Documents\softuni\Back-EndTest_Automation\29.03.ExerCI2\CI_Resources\02-House-Renting-System-App\HouseRentingSystem.Tests\bin\Debug\net6.0\fine-code-coverage\build-output\HouseRentingSystem.Tests.runtimeconfig.json" --depsfile "C:\Users\Localhost\Documents\softuni\Back-EndTest_Automation\29.03.ExerCI2\CI_Resources\02-House-Renting-System-App\HouseRentingSystem.Tests\bin\Debug\net6.0\fine-code-coverage\build-output\HouseRentingSystem.Tests.deps.json" --port 53578 --endpoint 127.0.0.1:053578 --role client --parentprocessid 1128 --diag "C:\Users\Localhost\Documents\softuni\Back-EndTest_Automation\29.03.ExerCI2\CI_Resources\02-House-Renting-System-App\HouseRentingSystem.Tests\bin\Debug\net6.0\fine-code-coverage\coverage-tool-output\diagnostics.host.24-04-04_18-37-51_33795_5.log" --tracelevel 4 --datacollectionport 53577 --telemetryoptedin false'
TpTrace Verbose: 0 : 1128, 5, 2024/04/04, 18:37:51.351, 1609481120345, vstest.console.dll, MulticastDelegateUtilities.SafeInvoke: HostProviderEvents.OnHostLaunched: Invoking callback 1/2 for Microsoft.VisualStudio.TestPlatform.CrossPlatEngine.Client.ProxyExecutionManagerWithDataCollection., took 1 ms.
TpTrace Verbose: 0 : 1128, 5, 2024/04/04, 18:37:51.351, 1609481124905, vstest.console.dll, Test Runtime launched
TpTrace Verbose: 0 : 1128, 5, 2024/04/04, 18:37:51.351, 1609481126007, vstest.console.dll, MulticastDelegateUtilities.SafeInvoke: HostProviderEvents.OnHostLaunched: Invoking callback 2/2 for Microsoft.VisualStudio.TestPlatform.CrossPlatEngine.Client.ProxyOperationManager., took 0 ms.
TpTrace Verbose: 0 : 1128, 5, 2024/04/04, 18:37:51.352, 1609481131634, vstest.console.dll, TestRequestSender.WaitForRequestHandlerConnection: waiting for connection with timeout: 90000.
TpTrace Verbose: 0 : 1128, 7, 2024/04/04, 18:37:51.589, 1609483504319, vstest.console.dll, MulticastDelegateUtilities.SafeInvoke: SocketServer: ClientConnected: Invoking callback 1/1 for Microsoft.VisualStudio.TestPlatform.CommunicationUtilities.TestRequestSender., took 0 ms.
TpTrace Verbose: 0 : 1128, 5, 2024/04/04, 18:37:51.589, 1609483504284, vstest.console.dll, TestRequestSender.WaitForRequestHandlerConnection: waiting took 237 ms, with timeout 90000 ms, and result 0, which is success.
TpTrace Verbose: 0 : 1128, 7, 2024/04/04, 18:37:51.589, 1609483505526, vstest.console.dll, SocketServer.OnClientConnected: Client connected for endPoint: 127.0.0.1:53578, starting MessageLoopAsync:
TpTrace Verbose: 0 : 1128, 7, 2024/04/04, 18:37:51.590, 1609483512720, vstest.console.dll, TcpClientExtensions.MessageLoopAsync: Polling on remoteEndPoint: 127.0.0.1:53579 localEndPoint: 127.0.0.1:53578 after 0 ms
TpTrace Verbose: 0 : 1128, 5, 2024/04/04, 18:37:51.590, 1609483515603, vstest.console.dll, TestRequestSender.CheckVersionWithTestHost: Sending check version message: {"MessageType":"ProtocolVersion","Payload":7}
TpTrace Verbose: 0 : 1128, 7, 2024/04/04, 18:37:51.771, 1609485322002, vstest.console.dll, TcpClientExtensions.MessageLoopAsync: NotifyDataAvailable remoteEndPoint: 127.0.0.1:53579 localEndPoint: 127.0.0.1:53578
TpTrace Verbose: 0 : 1128, 7, 2024/04/04, 18:37:51.771, 1609485326442, vstest.console.dll, TestRequestSender.CheckVersionWithTestHost: onMessageReceived received message: (ProtocolVersion) -> {"MessageType":"ProtocolVersion","Payload":5}
TpTrace Verbose: 0 : 1128, 7, 2024/04/04, 18:37:51.773, 1609485338677, vstest.console.dll, MulticastDelegateUtilities.SafeInvoke: LengthPrefixCommunicationChannel: MessageReceived: Invoking callback 1/1 for Microsoft.VisualStudio.TestPlatform.CommunicationUtilities.TestRequestSender+<>c__DisplayClass29_0., took 1 ms.
TpTrace Verbose: 0 : 1128, 7, 2024/04/04, 18:37:51.773, 1609485339936, vstest.console.dll, TcpClientExtensions.MessageLoopAsync: Polling on remoteEndPoint: 127.0.0.1:53579 localEndPoint: 127.0.0.1:53578 after 182 ms
TpTrace Verbose: 0 : 1128, 5, 2024/04/04, 18:37:51.773, 1609485340363, vstest.console.dll, TestPluginCache.GetExtensionPaths: Filtered extension paths: 
TpTrace Verbose: 0 : 1128, 5, 2024/04/04, 18:37:51.773, 1609485341712, vstest.console.dll, TestPluginCache.GetExtensionPaths: Added default extension paths: C:\Program Files\dotnet\sdk\8.0.200\Extensions\Microsoft.Diagnostics.NETCore.Client.dll
C:\Program Files\dotnet\sdk\8.0.200\Extensions\Microsoft.TestPlatform.Extensions.BlameDataCollector.dll
C:\Program Files\dotnet\sdk\8.0.200\Extensions\Microsoft.TestPlatform.Extensions.EventLogCollector.dll
C:\Program Files\dotnet\sdk\8.0.200\Extensions\Microsoft.TestPlatform.TestHostRuntimeProvider.dll
C:\Program Files\dotnet\sdk\8.0.200\Extensions\Microsoft.VisualStudio.TestPlatform.Extensions.Html.TestLogger.dll
C:\Program Files\dotnet\sdk\8.0.200\Extensions\Microsoft.VisualStudio.TestPlatform.Extensions.Trx.TestLogger.dll
TpTrace Verbose: 0 : 1128, 5, 2024/04/04, 18:37:51.773, 1609485342111, vstest.console.dll, TestPluginCache.GetExtensionPaths: Added unfilterableExtensionPaths: 
TpTrace Verbose: 0 : 1128, 5, 2024/04/04, 18:37:51.777, 1609485379136, vstest.console.dll, TestRequestSender.InitializeExecution: Sending initialize execution with message: {"Version":5,"MessageType":"TestExecution.Initialize","Payload":["C:\\Users\\Localhost\\Documents\\softuni\\Back-EndTest_Automation\\29.03.ExerCI2\\CI_Resources\\02-House-Renting-System-App\\HouseRentingSystem.Tests\\bin\\Debug\\net6.0\\fine-code-coverage\\build-output\\NUnit3.TestAdapter.dll"]}
TpTrace Verbose: 0 : 1128, 5, 2024/04/04, 18:37:51.777, 1609485381169, vstest.console.dll, ParallelProxyExecutionManager.StartTestRunOnConcurrentManager: Execution starting. Started clients: 1
TpTrace Verbose: 0 : 1128, 5, 2024/04/04, 18:37:51.777, 1609485383889, vstest.console.dll, TestRunRequest:SendTestRunMessage: Starting.
TpTrace Verbose: 0 : 1128, 5, 2024/04/04, 18:37:51.777, 1609485385488, vstest.console.dll, MulticastDelegateUtilities.SafeInvoke: TestRun.LogMessages: Invoking callback 1/1 for Microsoft.VisualStudio.TestPlatform.CommandLine.TestRunResultAggregator., took 0 ms.
TpTrace Information: 0 : 1128, 5, 2024/04/04, 18:37:51.777, 1609485385958, vstest.console.dll, TestRunRequest:SendTestRunMessage: Completed.
TpTrace Verbose: 0 : 1128, 4, 2024/04/04, 18:37:51.778, 1609485388316, vstest.console.dll, MulticastDelegateUtilities.SafeInvoke: InternalTestLoggerEvents.SendTestRunMessage: Invoking callback 1/1 for Microsoft.VisualStudio.TestPlatform.CommandLine.Internal.ConsoleLogger., took 0 ms.
TpTrace Warning: 0 : 1128, 5, 2024/04/04, 18:37:51.778, 1609485390017, vstest.console.dll, InferRunSettingsHelper.MakeRunsettingsCompatible: Removing the following settings: TargetPlatform from RunSettings file. To use those settings please move to latest version of Microsoft.NET.Test.Sdk
TpTrace Verbose: 0 : 1128, 7, 2024/04/04, 18:37:51.784, 1609485453049, vstest.console.dll, TcpClientExtensions.MessageLoopAsync: NotifyDataAvailable remoteEndPoint: 127.0.0.1:53579 localEndPoint: 127.0.0.1:53578
TpTrace Verbose: 0 : 1128, 7, 2024/04/04, 18:37:51.784, 1609485457447, vstest.console.dll, TestRequestSender.OnExecutionMessageReceived: Received message: {"Version":5,"MessageType":"TestSession.Message","Payload":{"MessageLevel":0,"Message":"Logging TestHost Diagnostics in file: C:\\Users\\Localhost\\Documents\\softuni\\Back-EndTest_Automation\\29.03.ExerCI2\\CI_Resources\\02-House-Renting-System-App\\HouseRentingSystem.Tests\\bin\\Debug\\net6.0\\fine-code-coverage\\coverage-tool-output\\diagnostics.host.24-04-04_18-37-51_33795_5.log"}}
TpTrace Verbose: 0 : 1128, 5, 2024/04/04, 18:37:51.786, 1609485473008, vstest.console.dll, TestRequestSender.StartTestRun: Sending test run with message: {"Version":5,"MessageType":"TestExecution.StartWithSources","Payload":{"AdapterSourceMap":{"_none_":["C:\\Users\\Localhost\\Documents\\softuni\\Back-EndTest_Automation\\29.03.ExerCI2\\CI_Resources\\02-House-Renting-System-App\\HouseRentingSystem.Tests\\bin\\Debug\\net6.0\\fine-code-coverage\\build-output\\HouseRentingSystem.Tests.dll"]},"RunSettings":"<RunSettings>\r\n  <RunConfiguration>\r\n    <ResultsDirectory>C:\\Users\\Localhost\\Documents\\softuni\\Back-EndTest_Automation\\29.03.ExerCI2\\CI_Resources\\02-House-Renting-System-App\\HouseRentingSystem.Tests\\bin\\Debug\\net6.0\\fine-code-coverage\\coverage-tool-output</ResultsDirectory>\r\n    <TargetFrameworkVersion>.NETCoreApp,Version=v6.0</TargetFrameworkVersion>\r\n    <DesignMode>False</DesignMode>\r\n    <CollectSourceInformation>False</CollectSourceInformation>\r\n  </RunConfiguration>\r\n  <LoggerRunSettings>\r\n    <Loggers>\r\n      <Logger friendlyName=\"blame\" enabled=\"True\" />\r\n      <Logger friendlyName=\"Console\" uri=\"logger://microsoft/TestPlatform/ConsoleLogger/v1\" assemblyQualifiedName=\"Microsoft.VisualStudio.TestPlatform.CommandLine.Internal.ConsoleLogger, vstest.console, Version=15.0.0.0, Culture=neutral, PublicKeyToken=b03f5f7f11d50a3a\" codeBase=\"C:\\Program Files\\dotnet\\sdk\\8.0.200\\vstest.console.dll\" enabled=\"True\" />\r\n    </Loggers>\r\n  </LoggerRunSettings>\r\n  <DataCollectionRunSettings>\r\n    <DataCollectors>\r\n      <DataCollector friendlyName=\"blame\" enabled=\"True\">\r\n        <Configuration>\r\n          <ResultsDirectory>C:\\Users\\Localhost\\Documents\\softuni\\Back-EndTest_Automation\\29.03.ExerCI2\\CI_Resources\\02-House-Renting-System-App\\HouseRentingSystem.Tests\\bin\\Debug\\net6.0\\fine-code-coverage\\coverage-tool-output</ResultsDirectory>\r\n        </Configuration>\r\n      </DataCollector>\r\n    </DataCollectors>\r\n  </DataCollectionRunSettings>\r\n</RunSettings>","TestExecutionContext":{"FrequencyOfRunStatsChangeEvent":10,"RunStatsChangeEventTimeout":"00:00:01.5000000","InIsolation":false,"KeepAlive":false,"AreTestCaseLevelEventsRequired":false,"IsDebug":false,"TestCaseFilter":null,"FilterOptions":null},"Package":null}}
TpTrace Verbose: 0 : 1128, 5, 2024/04/04, 18:37:51.786, 1609485474737, vstest.console.dll, ParallelProxyExecutionManager.StartTestRunOnConcurrentManager: Execution started. Started clients: 1
TpTrace Verbose: 0 : 1128, 7, 2024/04/04, 18:37:51.788, 1609485490951, vstest.console.dll, TestRunRequest:SendTestRunMessage: Starting.
TpTrace Verbose: 0 : 1128, 7, 2024/04/04, 18:37:51.788, 1609485492359, vstest.console.dll, MulticastDelegateUtilities.SafeInvoke: TestRun.LogMessages: Invoking callback 1/1 for Microsoft.VisualStudio.TestPlatform.CommandLine.TestRunResultAggregator., took 0 ms.
TpTrace Information: 0 : 1128, 7, 2024/04/04, 18:37:51.788, 1609485492785, vstest.console.dll, TestRunRequest:SendTestRunMessage: Completed.
TpTrace Verbose: 0 : 1128, 7, 2024/04/04, 18:37:51.788, 1609485493137, vstest.console.dll, MulticastDelegateUtilities.SafeInvoke: LengthPrefixCommunicationChannel: MessageReceived: Invoking callback 1/1 for Microsoft.VisualStudio.TestPlatform.CommunicationUtilities.TestRequestSender+<>c__DisplayClass34_0., took 3 ms.
TpTrace Verbose: 0 : 1128, 7, 2024/04/04, 18:37:51.788, 1609485493510, vstest.console.dll, TcpClientExtensions.MessageLoopAsync: Polling on remoteEndPoint: 127.0.0.1:53579 localEndPoint: 127.0.0.1:53578 after 15 ms
TpTrace Verbose: 0 : 1128, 4, 2024/04/04, 18:37:51.788, 1609485493552, vstest.console.dll, MulticastDelegateUtilities.SafeInvoke: InternalTestLoggerEvents.SendTestRunMessage: Invoking callback 1/1 for Microsoft.VisualStudio.TestPlatform.CommandLine.Internal.ConsoleLogger., took 0 ms.
TpTrace Verbose: 0 : 1128, 7, 2024/04/04, 18:37:51.995, 1609487562782, vstest.console.dll, TcpClientExtensions.MessageLoopAsync: NotifyDataAvailable remoteEndPoint: 127.0.0.1:53579 localEndPoint: 127.0.0.1:53578
TpTrace Verbose: 0 : 1128, 7, 2024/04/04, 18:37:51.995, 1609487565457, vstest.console.dll, TestRequestSender.OnExecutionMessageReceived: Received message: {"Version":5,"MessageType":"TestSession.Message","Payload":{"MessageLevel":0,"Message":"NUnit Adapter 4.2.0.0: Test execution started"}}
TpTrace Verbose: 0 : 1128, 7, 2024/04/04, 18:37:51.996, 1609487567588, vstest.console.dll, TestRunRequest:SendTestRunMessage: Starting.
TpTrace Verbose: 0 : 1128, 7, 2024/04/04, 18:37:51.996, 1609487568343, vstest.console.dll, MulticastDelegateUtilities.SafeInvoke: TestRun.LogMessages: Invoking callback 1/1 for Microsoft.VisualStudio.TestPlatform.CommandLine.TestRunResultAggregator., took 0 ms.
TpTrace Information: 0 : 1128, 7, 2024/04/04, 18:37:51.996, 1609487568738, vstest.console.dll, TestRunRequest:SendTestRunMessage: Completed.
TpTrace Verbose: 0 : 1128, 7, 2024/04/04, 18:37:51.996, 1609487569080, vstest.console.dll, MulticastDelegateUtilities.SafeInvoke: LengthPrefixCommunicationChannel: MessageReceived: Invoking callback 1/1 for Microsoft.VisualStudio.TestPlatform.CommunicationUtilities.TestRequestSender+<>c__DisplayClass34_0., took 0 ms.
TpTrace Verbose: 0 : 1128, 7, 2024/04/04, 18:37:51.996, 1609487569659, vstest.console.dll, TcpClientExtensions.MessageLoopAsync: Polling on remoteEndPoint: 127.0.0.1:53579 localEndPoint: 127.0.0.1:53578 after 207 ms
TpTrace Verbose: 0 : 1128, 4, 2024/04/04, 18:37:51.996, 1609487569567, vstest.console.dll, MulticastDelegateUtilities.SafeInvoke: InternalTestLoggerEvents.SendTestRunMessage: Invoking callback 1/1 for Microsoft.VisualStudio.TestPlatform.CommandLine.Internal.ConsoleLogger., took 0 ms.
TpTrace Verbose: 0 : 1128, 7, 2024/04/04, 18:37:52.036, 1609487974535, vstest.console.dll, TcpClientExtensions.MessageLoopAsync: NotifyDataAvailable remoteEndPoint: 127.0.0.1:53579 localEndPoint: 127.0.0.1:53578
TpTrace Verbose: 0 : 1128, 7, 2024/04/04, 18:37:52.036, 1609487977206, vstest.console.dll, TestRequestSender.OnExecutionMessageReceived: Received message: {"Version":5,"MessageType":"TestSession.Message","Payload":{"MessageLevel":0,"Message":"Running all tests in C:\\Users\\Localhost\\Documents\\softuni\\Back-EndTest_Automation\\29.03.ExerCI2\\CI_Resources\\02-House-Renting-System-App\\HouseRentingSystem.Tests\\bin\\Debug\\net6.0\\fine-code-coverage\\build-output\\HouseRentingSystem.Tests.dll"}}
TpTrace Verbose: 0 : 1128, 7, 2024/04/04, 18:37:52.037, 1609487979092, vstest.console.dll, TestRunRequest:SendTestRunMessage: Starting.
TpTrace Verbose: 0 : 1128, 7, 2024/04/04, 18:37:52.037, 1609487979972, vstest.console.dll, MulticastDelegateUtilities.SafeInvoke: TestRun.LogMessages: Invoking callback 1/1 for Microsoft.VisualStudio.TestPlatform.CommandLine.TestRunResultAggregator., took 0 ms.
TpTrace Information: 0 : 1128, 7, 2024/04/04, 18:37:52.037, 1609487980341, vstest.console.dll, TestRunRequest:SendTestRunMessage: Completed.
TpTrace Verbose: 0 : 1128, 7, 2024/04/04, 18:37:52.037, 1609487980754, vstest.console.dll, MulticastDelegateUtilities.SafeInvoke: LengthPrefixCommunicationChannel: MessageReceived: Invoking callback 1/1 for Microsoft.VisualStudio.TestPlatform.CommunicationUtilities.TestRequestSender+<>c__DisplayClass34_0., took 0 ms.
TpTrace Verbose: 0 : 1128, 7, 2024/04/04, 18:37:52.037, 1609487981167, vstest.console.dll, TcpClientExtensions.MessageLoopAsync: Polling on remoteEndPoint: 127.0.0.1:53579 localEndPoint: 127.0.0.1:53578 after 41 ms
TpTrace Verbose: 0 : 1128, 4, 2024/04/04, 18:37:52.037, 1609487981680, vstest.console.dll, MulticastDelegateUtilities.SafeInvoke: InternalTestLoggerEvents.SendTestRunMessage: Invoking callback 1/1 for Microsoft.VisualStudio.TestPlatform.CommandLine.Internal.ConsoleLogger., took 0 ms.
TpTrace Verbose: 0 : 1128, 7, 2024/04/04, 18:37:52.226, 1609489869888, vstest.console.dll, TcpClientExtensions.MessageLoopAsync: NotifyDataAvailable remoteEndPoint: 127.0.0.1:53579 localEndPoint: 127.0.0.1:53578
TpTrace Verbose: 0 : 1128, 7, 2024/04/04, 18:37:52.226, 1609489872048, vstest.console.dll, TestRequestSender.OnExecutionMessageReceived: Received message: {"Version":5,"MessageType":"TestSession.Message","Payload":{"MessageLevel":0,"Message":"   NUnit3TestExecutor discovered 29 of 29 NUnit test cases using Current Discovery mode, Non-Explicit run"}}
TpTrace Verbose: 0 : 1128, 7, 2024/04/04, 18:37:52.226, 1609489874161, vstest.console.dll, TestRunRequest:SendTestRunMessage: Starting.
TpTrace Verbose: 0 : 1128, 7, 2024/04/04, 18:37:52.226, 1609489875038, vstest.console.dll, MulticastDelegateUtilities.SafeInvoke: TestRun.LogMessages: Invoking callback 1/1 for Microsoft.VisualStudio.TestPlatform.CommandLine.TestRunResultAggregator., took 0 ms.
TpTrace Information: 0 : 1128, 7, 2024/04/04, 18:37:52.226, 1609489875368, vstest.console.dll, TestRunRequest:SendTestRunMessage: Completed.
TpTrace Verbose: 0 : 1128, 7, 2024/04/04, 18:37:52.226, 1609489875657, vstest.console.dll, MulticastDelegateUtilities.SafeInvoke: LengthPrefixCommunicationChannel: MessageReceived: Invoking callback 1/1 for Microsoft.VisualStudio.TestPlatform.CommunicationUtilities.TestRequestSender+<>c__DisplayClass34_0., took 0 ms.
TpTrace Verbose: 0 : 1128, 4, 2024/04/04, 18:37:52.226, 1609489875817, vstest.console.dll, MulticastDelegateUtilities.SafeInvoke: InternalTestLoggerEvents.SendTestRunMessage: Invoking callback 1/1 for Microsoft.VisualStudio.TestPlatform.CommandLine.Internal.ConsoleLogger., took 0 ms.
TpTrace Verbose: 0 : 1128, 7, 2024/04/04, 18:37:52.226, 1609489876002, vstest.console.dll, TcpClientExtensions.MessageLoopAsync: Polling on remoteEndPoint: 127.0.0.1:53579 localEndPoint: 127.0.0.1:53578 after 189 ms
TpTrace Verbose: 0 : 1128, 7, 2024/04/04, 18:37:53.236, 1609499970274, vstest.console.dll, TcpClientExtensions.MessageLoopAsync: Polling on remoteEndPoint: 127.0.0.1:53579 localEndPoint: 127.0.0.1:53578 after 1009 ms
TpTrace Verbose: 0 : 1128, 7, 2024/04/04, 18:37:53.431, 1609501924296, vstest.console.dll, TcpClientExtensions.MessageLoopAsync: NotifyDataAvailable remoteEndPoint: 127.0.0.1:53579 localEndPoint: 127.0.0.1:53578
TpTrace Verbose: 0 : 1128, 7, 2024/04/04, 18:37:53.431, 1609501926991, vstest.console.dll, TestRequestSender.OnExecutionMessageReceived: Received message: {"Version":5,"MessageType":"TestExecution.StatsChange","Payload":{"NewTestResults":[{"TestCase":{"Id":"6aa40687-0da3-eaf2-990a-c2698f9ffda9","FullyQualifiedName":"HouseRentingSystem.Tests.IntegrationsTests.HomeControllerTests.Error_ShouldReturnCorrectView","DisplayName":"Error_ShouldReturnCorrectView","ExecutorUri":"executor://NUnit3TestExecutor","Source":"C:\\Users\\Localhost\\Documents\\softuni\\Back-EndTest_Automation\\29.03.ExerCI2\\CI_Resources\\02-House-Renting-System-App\\HouseRentingSystem.Tests\\bin\\Debug\\net6.0\\fine-code-coverage\\build-output\\HouseRentingSystem.Tests.dll","CodeFilePath":null,"LineNumber":0,"Properties":[{"Key":{"Id":"NUnit.Seed","Label":"Seed","Category":"","Description":"","Attributes":0,"ValueType":"System.String"},"Value":"1349698054"}]},"Attachments":[],"Outcome":1,"ErrorMessage":null,"ErrorStackTrace":null,"DisplayName":"Error_ShouldReturnCorrectView","Messages":[],"ComputerName":"DESKTOP-PS3L6LM","Duration":"00:00:00.0151190","StartTime":"2024-04-04T15:37:52.2682296+00:00","EndTime":"2024-04-04T15:37:52.2832517+00:00","Properties":[{"Key":{"Id":"NUnit.Seed","Label":"Seed","Category":"","Description":"","Attributes":0,"ValueType":"System.String"},"Value":"1349698054"}]},{"TestCase":{"Id":"183aa34a-8bf9-b854-ec27-9cf7c59001a0","FullyQualifiedName":"HouseRentingSystem.Tests.IntegrationsTests.StatisticsApiControllerTests.GetStatistics_ShouldReturnCorrectCounts","DisplayName":"GetStatistics_ShouldReturnCorrectCounts","ExecutorUri":"executor://NUnit3TestExecutor","Source":"C:\\Users\\Localhost\\Documents\\softuni\\Back-EndTest_Automation\\29.03.ExerCI2\\CI_Resources\\02-House-Renting-System-App\\HouseRentingSystem.Tests\\bin\\Debug\\net6.0\\fine-code-coverage\\build-output\\HouseRentingSystem.Tests.dll","CodeFilePath":null,"LineNumber":0,"Properties":[{"Key":{"Id":"NUnit.Seed","Label":"Seed","Category":"","Description":"","Attributes":0,"ValueType":"System.String"},"Value":"1430401691"}]},"Attachments":[],"Outcome":1,"ErrorMessage":null,"ErrorStackTrace":null,"DisplayName":"GetStatistics_ShouldReturnCorrectCounts","Messages":[],"ComputerName":"DESKTOP-PS3L6LM","Duration":"00:00:00.0137940","StartTime":"2024-04-04T15:37:52.386077+00:00","EndTime":"2024-04-04T15:37:52.3998713+00:00","Properties":[{"Key":{"Id":"NUnit.Seed","Label":"Seed","Category":"","Description":"","Attributes":0,"ValueType":"System.String"},"Value":"1430401691"}]}],"TestRunStatistics":{"ExecutedTests":2,"Stats":{"Passed":2}},"ActiveTests":[]}}
TpTrace Verbose: 0 : 1128, 7, 2024/04/04, 18:37:53.463, 1609502246563, vstest.console.dll, TestRunRequest:SendTestRunStatsChange: Starting.
TpTrace Verbose: 0 : 1128, 7, 2024/04/04, 18:37:53.464, 1609502250089, vstest.console.dll, MulticastDelegateUtilities.SafeInvoke: TestRun.RunStatsChanged: Invoking callbacks was skipped because there are no subscribers.
TpTrace Information: 0 : 1128, 7, 2024/04/04, 18:37:53.464, 1609502250731, vstest.console.dll, TestRunRequest:SendTestRunStatsChange: Completed.
TpTrace Verbose: 0 : 1128, 7, 2024/04/04, 18:37:53.464, 1609502251153, vstest.console.dll, MulticastDelegateUtilities.SafeInvoke: LengthPrefixCommunicationChannel: MessageReceived: Invoking callback 1/1 for Microsoft.VisualStudio.TestPlatform.CommunicationUtilities.TestRequestSender+<>c__DisplayClass34_0., took 32 ms.
TpTrace Verbose: 0 : 1128, 7, 2024/04/04, 18:37:53.464, 1609502251516, vstest.console.dll, TcpClientExtensions.MessageLoopAsync: Polling on remoteEndPoint: 127.0.0.1:53579 localEndPoint: 127.0.0.1:53578 after 227 ms
TpTrace Verbose: 0 : 1128, 4, 2024/04/04, 18:37:53.466, 1609502274977, vstest.console.dll, MulticastDelegateUtilities.SafeInvoke: InternalTestLoggerEvents.SendTestResult: Invoking callback 1/1 for Microsoft.VisualStudio.TestPlatform.CommandLine.Internal.ConsoleLogger., took 2 ms.
TpTrace Verbose: 0 : 1128, 4, 2024/04/04, 18:37:53.467, 1609502279195, vstest.console.dll, MulticastDelegateUtilities.SafeInvoke: InternalTestLoggerEvents.SendTestResult: Invoking callback 1/1 for Microsoft.VisualStudio.TestPlatform.CommandLine.Internal.ConsoleLogger., took 0 ms.
TpTrace Verbose: 0 : 1128, 7, 2024/04/04, 18:37:54.002, 1609507634535, vstest.console.dll, TcpClientExtensions.MessageLoopAsync: NotifyDataAvailable remoteEndPoint: 127.0.0.1:53579 localEndPoint: 127.0.0.1:53578
TpTrace Verbose: 0 : 1128, 7, 2024/04/04, 18:37:54.003, 1609507638462, vstest.console.dll, TestRequestSender.OnExecutionMessageReceived: Received message: {"Version":5,"MessageType":"TestExecution.StatsChange","Payload":{"NewTestResults":[{"TestCase":{"Id":"4a4ba19d-b1e9-74ad-59a0-269e0af76fdd","FullyQualifiedName":"HouseRentingSystem.Tests.UnitTests.AgentServiceTests.AgentWithPhoneNumberExists_ShouldReturnTrue_WithValidData","DisplayName":"AgentWithPhoneNumberExists_ShouldReturnTrue_WithValidData","ExecutorUri":"executor://NUnit3TestExecutor","Source":"C:\\Users\\Localhost\\Documents\\softuni\\Back-EndTest_Automation\\29.03.ExerCI2\\CI_Resources\\02-House-Renting-System-App\\HouseRentingSystem.Tests\\bin\\Debug\\net6.0\\fine-code-coverage\\build-output\\HouseRentingSystem.Tests.dll","CodeFilePath":null,"LineNumber":0,"Properties":[{"Key":{"Id":"NUnit.Seed","Label":"Seed","Category":"","Description":"","Attributes":0,"ValueType":"System.String"},"Value":"329711829"}]},"Attachments":[],"Outcome":1,"ErrorMessage":null,"ErrorStackTrace":null,"DisplayName":"AgentWithPhoneNumberExists_ShouldReturnTrue_WithValidData","Messages":[],"ComputerName":"DESKTOP-PS3L6LM","Duration":"00:00:00.1717490","StartTime":"2024-04-04T15:37:53.6008703+00:00","EndTime":"2024-04-04T15:37:53.7726189+00:00","Properties":[{"Key":{"Id":"NUnit.Seed","Label":"Seed","Category":"","Description":"","Attributes":0,"ValueType":"System.String"},"Value":"329711829"}]},{"TestCase":{"Id":"1c48fe42-cce2-e6b9-a7d7-abc06baa9e8e","FullyQualifiedName":"HouseRentingSystem.Tests.UnitTests.AgentServiceTests.CreateAgent_ShouldWorkCorrectly","DisplayName":"CreateAgent_ShouldWorkCorrectly","ExecutorUri":"executor://NUnit3TestExecutor","Source":"C:\\Users\\Localhost\\Documents\\softuni\\Back-EndTest_Automation\\29.03.ExerCI2\\CI_Resources\\02-House-Renting-System-App\\HouseRentingSystem.Tests\\bin\\Debug\\net6.0\\fine-code-coverage\\build-output\\HouseRentingSystem.Tests.dll","CodeFilePath":null,"LineNumber":0,"Properties":[{"Key":{"Id":"NUnit.Seed","Label":"Seed","Category":"","Description":"","Attributes":0,"ValueType":"System.String"},"Value":"530610157"}]},"Attachments":[],"Outcome":1,"ErrorMessage":null,"ErrorStackTrace":null,"DisplayName":"CreateAgent_ShouldWorkCorrectly","Messages":[],"ComputerName":"DESKTOP-PS3L6LM","Duration":"00:00:00.0575190","StartTime":"2024-04-04T15:37:53.77266+00:00","EndTime":"2024-04-04T15:37:53.8301785+00:00","Properties":[{"Key":{"Id":"NUnit.Seed","Label":"Seed","Category":"","Description":"","Attributes":0,"ValueType":"System.String"},"Value":"530610157"}]},{"TestCase":{"Id":"bb34c39e-f80e-939f-4a0c-3fe71d62106b","FullyQualifiedName":"HouseRentingSystem.Tests.UnitTests.AgentServiceTests.ExistsById_ShouldReturnTrue_WithValidId","DisplayName":"ExistsById_ShouldReturnTrue_WithValidId","ExecutorUri":"executor://NUnit3TestExecutor","Source":"C:\\Users\\Localhost\\Documents\\softuni\\Back-EndTest_Automation\\29.03.ExerCI2\\CI_Resources\\02-House-Renting-System-App\\HouseRentingSystem.Tests\\bin\\Debug\\net6.0\\fine-code-coverage\\build-output\\HouseRentingSystem.Tests.dll","CodeFilePath":null,"LineNumber":0,"Properties":[{"Key":{"Id":"NUnit.Seed","Label":"Seed","Category":"","Description":"","Attributes":0,"ValueType":"System.String"},"Value":"1939906140"}]},"Attachments":[],"Outcome":1,"ErrorMessage":null,"ErrorStackTrace":null,"DisplayName":"ExistsById_ShouldReturnTrue_WithValidId","Messages":[],"ComputerName":"DESKTOP-PS3L6LM","Duration":"00:00:00.0035210","StartTime":"2024-04-04T15:37:53.8302254+00:00","EndTime":"2024-04-04T15:37:53.8337462+00:00","Properties":[{"Key":{"Id":"NUnit.Seed","Label":"Seed","Category":"","Description":"","Attributes":0,"ValueType":"System.String"},"Value":"1939906140"}]},{"TestCase":{"Id":"39821534-a4ac-e7b6-9426-30ddb68a6867","FullyQualifiedName":"HouseRentingSystem.Tests.UnitTests.AgentServiceTests.GetAgentId_ShouldReturnCorrectUserId","DisplayName":"GetAgentId_ShouldReturnCorrectUserId","ExecutorUri":"executor://NUnit3TestExecutor","Source":"C:\\Users\\Localhost\\Documents\\softuni\\Back-EndTest_Automation\\29.03.ExerCI2\\CI_Resources\\02-House-Renting-System-App\\HouseRentingSystem.Tests\\bin\\Debug\\net6.0\\fine-code-coverage\\build-output\\HouseRentingSystem.Tests.dll","CodeFilePath":null,"LineNumber":0,"Properties":[{"Key":{"Id":"NUnit.Seed","Label":"Seed","Category":"","Description":"","Attributes":0,"ValueType":"System.String"},"Value":"1602323580"}]},"Attachments":[],"Outcome":1,"ErrorMessage":null,"ErrorStackTrace":null,"DisplayName":"GetAgentId_ShouldReturnCorrectUserId","Messages":[],"ComputerName":"DESKTOP-PS3L6LM","Duration":"00:00:00.0019660","StartTime":"2024-04-04T15:37:53.8337635+00:00","EndTime":"2024-04-04T15:37:53.8357289+00:00","Properties":[{"Key":{"Id":"NUnit.Seed","Label":"Seed","Category":"","Description":"","Attributes":0,"ValueType":"System.String"},"Value":"1602323580"}]},{"TestCase":{"Id":"c1fc1358-6a05-43fc-755d-c831d6e82ed8","FullyQualifiedName":"HouseRentingSystem.Tests.UnitTests.HouseServiceTests.All_ShouldReturnCorrectHouses","DisplayName":"All_ShouldReturnCorrectHouses","ExecutorUri":"executor://NUnit3TestExecutor","Source":"C:\\Users\\Localhost\\Documents\\softuni\\Back-EndTest_Automation\\29.03.ExerCI2\\CI_Resources\\02-House-Renting-System-App\\HouseRentingSystem.Tests\\bin\\Debug\\net6.0\\fine-code-coverage\\build-output\\HouseRentingSystem.Tests.dll","CodeFilePath":null,"LineNumber":0,"Properties":[{"Key":{"Id":"NUnit.Seed","Label":"Seed","Category":"","Description":"","Attributes":0,"ValueType":"System.String"},"Value":"158015512"}]},"Attachments":[],"Outcome":1,"ErrorMessage":null,"ErrorStackTrace":null,"DisplayName":"All_ShouldReturnCorrectHouses","Messages":[],"ComputerName":"DESKTOP-PS3L6LM","Duration":"00:00:00.0960460","StartTime":"2024-04-04T15:37:53.8568136+00:00","EndTime":"2024-04-04T15:37:53.9528599+00:00","Properties":[{"Key":{"Id":"NUnit.Seed","Label":"Seed","Category":"","Description":"","Attributes":0,"ValueType":"System.String"},"Value":"158015512"}]},{"TestCase":{"Id":"afb3f7d0-4274-d246-82ae-84031d1c57eb","FullyQualifiedName":"HouseRentingSystem.Tests.UnitTests.HouseServiceTests.AllCategories_ShouldReturnCorrectCategories","DisplayName":"AllCategories_ShouldReturnCorrectCategories","ExecutorUri":"executor://NUnit3TestExecutor","Source":"C:\\Users\\Localhost\\Documents\\softuni\\Back-EndTest_Automation\\29.03.ExerCI2\\CI_Resources\\02-House-Renting-System-App\\HouseRentingSystem.Tests\\bin\\Debug\\net6.0\\fine-code-coverage\\build-output\\HouseRentingSystem.Tests.dll","CodeFilePath":null,"LineNumber":0,"Properties":[{"Key":{"Id":"NUnit.Seed","Label":"Seed","Category":"","Description":"","Attributes":0,"ValueType":"System.String"},"Value":"1151583866"}]},"Attachments":[],"Outcome":1,"ErrorMessage":null,"ErrorStackTrace":null,"DisplayName":"AllCategories_ShouldReturnCorrectCategories","Messages":[],"ComputerName":"DESKTOP-PS3L6LM","Duration":"00:00:00.0134750","StartTime":"2024-04-04T15:37:53.9529071+00:00","EndTime":"2024-04-04T15:37:53.9663818+00:00","Properties":[{"Key":{"Id":"NUnit.Seed","Label":"Seed","Category":"","Description":"","Attributes":0,"ValueType":"System.String"},"Value":"1151583866"}]},{"TestCase":{"Id":"501cbf97-2dc4-3855-9be1-f64ebe37b250","FullyQualifiedName":"HouseRentingSystem.Tests.UnitTests.HouseServiceTests.AllCategoryNames_ShouldReturnCorrectResult","DisplayName":"AllCategoryNames_ShouldReturnCorrectResult","ExecutorUri":"executor://NUnit3TestExecutor","Source":"C:\\Users\\Localhost\\Documents\\softuni\\Back-EndTest_Automation\\29.03.ExerCI2\\CI_Resources\\02-House-Renting-System-App\\HouseRentingSystem.Tests\\bin\\Debug\\net6.0\\fine-code-coverage\\build-output\\HouseRentingSystem.Tests.dll","CodeFilePath":null,"LineNumber":0,"Properties":[{"Key":{"Id":"NUnit.Seed","Label":"Seed","Category":"","Description":"","Attributes":0,"ValueType":"System.String"},"Value":"1556625514"}]},"Attachments":[],"Outcome":1,"ErrorMessage":null,"ErrorStackTrace":null,"DisplayName":"AllCategoryNames_ShouldReturnCorrectResult","Messages":[],"ComputerName":"DESKTOP-PS3L6LM","Duration":"00:00:00.0116350","StartTime":"2024-04-04T15:37:53.966418+00:00","EndTime":"2024-04-04T15:37:53.9780529+00:00","Properties":[{"Key":{"Id":"NUnit.Seed","Label":"Seed","Category":"","Description":"","Attributes":0,"ValueType":"System.String"},"Value":"1556625514"}]},{"TestCase":{"Id":"7e6deceb-1e63-2628-54ad-e72d30e03650","FullyQualifiedName":"HouseRentingSystem.Tests.UnitTests.HouseServiceTests.AllHousesByAgentId_ShouldReturnCorrectHouses","DisplayName":"AllHousesByAgentId_ShouldReturnCorrectHouses","ExecutorUri":"executor://NUnit3TestExecutor","Source":"C:\\Users\\Localhost\\Documents\\softuni\\Back-EndTest_Automation\\29.03.ExerCI2\\CI_Resources\\02-House-Renting-System-App\\HouseRentingSystem.Tests\\bin\\Debug\\net6.0\\fine-code-coverage\\build-output\\HouseRentingSystem.Tests.dll","CodeFilePath":null,"LineNumber":0,"Properties":[{"Key":{"Id":"NUnit.Seed","Label":"Seed","Category":"","Description":"","Attributes":0,"ValueType":"System.String"},"Value":"170853102"}]},"Attachments":[],"Outcome":1,"ErrorMessage":null,"ErrorStackTrace":null,"DisplayName":"AllHousesByAgentId_ShouldReturnCorrectHouses","Messages":[],"ComputerName":"DESKTOP-PS3L6LM","Duration":"00:00:00.0119430","StartTime":"2024-04-04T15:37:53.9780861+00:00","EndTime":"2024-04-04T15:37:53.9900285+00:00","Properties":[{"Key":{"Id":"NUnit.Seed","Label":"Seed","Category":"","Description":"","Attributes":0,"ValueType":"System.String"},"Value":"170853102"}]},{"TestCase":{"Id":"3178a6b3-c7a9-2811-ebdb-98d05fd32082","FullyQualifiedName":"HouseRentingSystem.Tests.UnitTests.HouseServiceTests.AllHousesByUserId_ShouldReturnCorrectHouses","DisplayName":"AllHousesByUserId_ShouldReturnCorrectHouses","ExecutorUri":"executor://NUnit3TestExecutor","Source":"C:\\Users\\Localhost\\Documents\\softuni\\Back-EndTest_Automation\\29.03.ExerCI2\\CI_Resources\\02-House-Renting-System-App\\HouseRentingSystem.Tests\\bin\\Debug\\net6.0\\fine-code-coverage\\build-output\\HouseRentingSystem.Tests.dll","CodeFilePath":null,"LineNumber":0,"Properties":[{"Key":{"Id":"NUnit.Seed","Label":"Seed","Category":"","Description":"","Attributes":0,"ValueType":"System.String"},"Value":"1678747610"}]},"Attachments":[],"Outcome":1,"ErrorMessage":null,"ErrorStackTrace":null,"DisplayName":"AllHousesByUserId_ShouldReturnCorrectHouses","Messages":[],"ComputerName":"DESKTOP-PS3L6LM","Duration":"00:00:00.0093130","StartTime":"2024-04-04T15:37:53.9900658+00:00","EndTime":"2024-04-04T15:37:53.9993782+00:00","Properties":[{"Key":{"Id":"NUnit.Seed","Label":"Seed","Category":"","Description":"","Attributes":0,"ValueType":"System.String"},"Value":"1678747610"}]}],"TestRunStatistics":{"ExecutedTests":11,"Stats":{"Passed":11}},"ActiveTests":[{"Id":"dca6fc11-2c20-02b1-c939-d8f872720d01","FullyQualifiedName":"HouseRentingSystem.Tests.UnitTests.HouseServiceTests.CategoryExists_ShouldReturnTrue_WithValidId","DisplayName":"CategoryExists_ShouldReturnTrue_WithValidId","ExecutorUri":"executor://NUnit3TestExecutor","Source":"C:\\Users\\Localhost\\Documents\\softuni\\Back-EndTest_Automation\\29.03.ExerCI2\\CI_Resources\\02-House-Renting-System-App\\HouseRentingSystem.Tests\\bin\\Debug\\net6.0\\fine-code-coverage\\build-output\\HouseRentingSystem.Tests.dll","CodeFilePath":null,"LineNumber":0,"Properties":[{"Key":{"Id":"NUnit.Seed","Label":"Seed","Category":"","Description":"","Attributes":0,"ValueType":"System.String"},"Value":"2098218167"}]}]}}
TpTrace Verbose: 0 : 1128, 7, 2024/04/04, 18:37:54.005, 1609507663839, vstest.console.dll, TestRunRequest:SendTestRunStatsChange: Starting.
TpTrace Verbose: 0 : 1128, 7, 2024/04/04, 18:37:54.005, 1609507665184, vstest.console.dll, InProgress is CategoryExists_ShouldReturnTrue_WithValidId
TpTrace Verbose: 0 : 1128, 7, 2024/04/04, 18:37:54.005, 1609507666094, vstest.console.dll, MulticastDelegateUtilities.SafeInvoke: TestRun.RunStatsChanged: Invoking callbacks was skipped because there are no subscribers.
TpTrace Information: 0 : 1128, 7, 2024/04/04, 18:37:54.005, 1609507666467, vstest.console.dll, TestRunRequest:SendTestRunStatsChange: Completed.
TpTrace Verbose: 0 : 1128, 7, 2024/04/04, 18:37:54.005, 1609507666763, vstest.console.dll, MulticastDelegateUtilities.SafeInvoke: LengthPrefixCommunicationChannel: MessageReceived: Invoking callback 1/1 for Microsoft.VisualStudio.TestPlatform.CommunicationUtilities.TestRequestSender+<>c__DisplayClass34_0., took 2 ms.
TpTrace Verbose: 0 : 1128, 4, 2024/04/04, 18:37:54.005, 1609507666898, vstest.console.dll, MulticastDelegateUtilities.SafeInvoke: InternalTestLoggerEvents.SendTestResult: Invoking callback 1/1 for Microsoft.VisualStudio.TestPlatform.CommandLine.Internal.ConsoleLogger., took 0 ms.
TpTrace Verbose: 0 : 1128, 4, 2024/04/04, 18:37:54.006, 1609507668040, vstest.console.dll, MulticastDelegateUtilities.SafeInvoke: InternalTestLoggerEvents.SendTestResult: Invoking callback 1/1 for Microsoft.VisualStudio.TestPlatform.CommandLine.Internal.ConsoleLogger., took 0 ms.
TpTrace Verbose: 0 : 1128, 4, 2024/04/04, 18:37:54.006, 1609507668492, vstest.console.dll, MulticastDelegateUtilities.SafeInvoke: InternalTestLoggerEvents.SendTestResult: Invoking callback 1/1 for Microsoft.VisualStudio.TestPlatform.CommandLine.Internal.ConsoleLogger., took 0 ms.
TpTrace Verbose: 0 : 1128, 4, 2024/04/04, 18:37:54.006, 1609507669047, vstest.console.dll, MulticastDelegateUtilities.SafeInvoke: InternalTestLoggerEvents.SendTestResult: Invoking callback 1/1 for Microsoft.VisualStudio.TestPlatform.CommandLine.Internal.ConsoleLogger., took 0 ms.
TpTrace Verbose: 0 : 1128, 7, 2024/04/04, 18:37:54.006, 1609507669185, vstest.console.dll, TcpClientExtensions.MessageLoopAsync: Polling on remoteEndPoint: 127.0.0.1:53579 localEndPoint: 127.0.0.1:53578 after 541 ms
TpTrace Verbose: 0 : 1128, 4, 2024/04/04, 18:37:54.006, 1609507669447, vstest.console.dll, MulticastDelegateUtilities.SafeInvoke: InternalTestLoggerEvents.SendTestResult: Invoking callback 1/1 for Microsoft.VisualStudio.TestPlatform.CommandLine.Internal.ConsoleLogger., took 0 ms.
TpTrace Verbose: 0 : 1128, 4, 2024/04/04, 18:37:54.006, 1609507670702, vstest.console.dll, MulticastDelegateUtilities.SafeInvoke: InternalTestLoggerEvents.SendTestResult: Invoking callback 1/1 for Microsoft.VisualStudio.TestPlatform.CommandLine.Internal.ConsoleLogger., took 0 ms.
TpTrace Verbose: 0 : 1128, 4, 2024/04/04, 18:37:54.006, 1609507671177, vstest.console.dll, MulticastDelegateUtilities.SafeInvoke: InternalTestLoggerEvents.SendTestResult: Invoking callback 1/1 for Microsoft.VisualStudio.TestPlatform.CommandLine.Internal.ConsoleLogger., took 0 ms.
TpTrace Verbose: 0 : 1128, 4, 2024/04/04, 18:37:54.006, 1609507671531, vstest.console.dll, MulticastDelegateUtilities.SafeInvoke: InternalTestLoggerEvents.SendTestResult: Invoking callback 1/1 for Microsoft.VisualStudio.TestPlatform.CommandLine.Internal.ConsoleLogger., took 0 ms.
TpTrace Verbose: 0 : 1128, 4, 2024/04/04, 18:37:54.006, 1609507672091, vstest.console.dll, MulticastDelegateUtilities.SafeInvoke: InternalTestLoggerEvents.SendTestResult: Invoking callback 1/1 for Microsoft.VisualStudio.TestPlatform.CommandLine.Internal.ConsoleLogger., took 0 ms.
TpTrace Verbose: 0 : 1128, 7, 2024/04/04, 18:37:54.151, 1609509125960, vstest.console.dll, TcpClientExtensions.MessageLoopAsync: NotifyDataAvailable remoteEndPoint: 127.0.0.1:53579 localEndPoint: 127.0.0.1:53578
TpTrace Verbose: 0 : 1128, 7, 2024/04/04, 18:37:54.152, 1609509129552, vstest.console.dll, TestRequestSender.OnExecutionMessageReceived: Received message: {"Version":5,"MessageType":"TestExecution.StatsChange","Payload":{"NewTestResults":[{"TestCase":{"Id":"dca6fc11-2c20-02b1-c939-d8f872720d01","FullyQualifiedName":"HouseRentingSystem.Tests.UnitTests.HouseServiceTests.CategoryExists_ShouldReturnTrue_WithValidId","DisplayName":"CategoryExists_ShouldReturnTrue_WithValidId","ExecutorUri":"executor://NUnit3TestExecutor","Source":"C:\\Users\\Localhost\\Documents\\softuni\\Back-EndTest_Automation\\29.03.ExerCI2\\CI_Resources\\02-House-Renting-System-App\\HouseRentingSystem.Tests\\bin\\Debug\\net6.0\\fine-code-coverage\\build-output\\HouseRentingSystem.Tests.dll","CodeFilePath":null,"LineNumber":0,"Properties":[{"Key":{"Id":"NUnit.Seed","Label":"Seed","Category":"","Description":"","Attributes":0,"ValueType":"System.String"},"Value":"2098218167"}]},"Attachments":[],"Outcome":1,"ErrorMessage":null,"ErrorStackTrace":null,"DisplayName":"CategoryExists_ShouldReturnTrue_WithValidId","Messages":[],"ComputerName":"DESKTOP-PS3L6LM","Duration":"00:00:00.0082360","StartTime":"2024-04-04T15:37:53.9994073+00:00","EndTime":"2024-04-04T15:37:54.0076426+00:00","Properties":[{"Key":{"Id":"NUnit.Seed","Label":"Seed","Category":"","Description":"","Attributes":0,"ValueType":"System.String"},"Value":"2098218167"}]},{"TestCase":{"Id":"1b644484-0fbb-38a5-d7be-a47f97429959","FullyQualifiedName":"HouseRentingSystem.Tests.UnitTests.HouseServiceTests.Create_ShouldCreateHouse","DisplayName":"Create_ShouldCreateHouse","ExecutorUri":"executor://NUnit3TestExecutor","Source":"C:\\Users\\Localhost\\Documents\\softuni\\Back-EndTest_Automation\\29.03.ExerCI2\\CI_Resources\\02-House-Renting-System-App\\HouseRentingSystem.Tests\\bin\\Debug\\net6.0\\fine-code-coverage\\build-output\\HouseRentingSystem.Tests.dll","CodeFilePath":null,"LineNumber":0,"Properties":[{"Key":{"Id":"NUnit.Seed","Label":"Seed","Category":"","Description":"","Attributes":0,"ValueType":"System.String"},"Value":"708275793"}]},"Attachments":[],"Outcome":1,"ErrorMessage":null,"ErrorStackTrace":null,"DisplayName":"Create_ShouldCreateHouse","Messages":[],"ComputerName":"DESKTOP-PS3L6LM","Duration":"00:00:00.0040840","StartTime":"2024-04-04T15:37:54.0076802+00:00","EndTime":"2024-04-04T15:37:54.0117642+00:00","Properties":[{"Key":{"Id":"NUnit.Seed","Label":"Seed","Category":"","Description":"","Attributes":0,"ValueType":"System.String"},"Value":"708275793"}]},{"TestCase":{"Id":"8acbe544-8791-7541-0d15-94d0ad355c1d","FullyQualifiedName":"HouseRentingSystem.Tests.UnitTests.HouseServiceTests.Delete_ShouldDeleteHouseSuccessfully","DisplayName":"Delete_ShouldDeleteHouseSuccessfully","ExecutorUri":"executor://NUnit3TestExecutor","Source":"C:\\Users\\Localhost\\Documents\\softuni\\Back-EndTest_Automation\\29.03.ExerCI2\\CI_Resources\\02-House-Renting-System-App\\HouseRentingSystem.Tests\\bin\\Debug\\net6.0\\fine-code-coverage\\build-output\\HouseRentingSystem.Tests.dll","CodeFilePath":null,"LineNumber":0,"Properties":[{"Key":{"Id":"NUnit.Seed","Label":"Seed","Category":"","Description":"","Attributes":0,"ValueType":"System.String"},"Value":"1313679727"}]},"Attachments":[],"Outcome":1,"ErrorMessage":null,"ErrorStackTrace":null,"DisplayName":"Delete_ShouldDeleteHouseSuccessfully","Messages":[],"ComputerName":"DESKTOP-PS3L6LM","Duration":"00:00:00.0230900","StartTime":"2024-04-04T15:37:54.0117948+00:00","EndTime":"2024-04-04T15:37:54.0348848+00:00","Properties":[{"Key":{"Id":"NUnit.Seed","Label":"Seed","Category":"","Description":"","Attributes":0,"ValueType":"System.String"},"Value":"1313679727"}]},{"TestCase":{"Id":"1e2eae05-3ea3-6fb2-c952-76632dc6958b","FullyQualifiedName":"HouseRentingSystem.Tests.UnitTests.HouseServiceTests.Edit_ShouldEditHouseCorrectly","DisplayName":"Edit_ShouldEditHouseCorrectly","ExecutorUri":"executor://NUnit3TestExecutor","Source":"C:\\Users\\Localhost\\Documents\\softuni\\Back-EndTest_Automation\\29.03.ExerCI2\\CI_Resources\\02-House-Renting-System-App\\HouseRentingSystem.Tests\\bin\\Debug\\net6.0\\fine-code-coverage\\build-output\\HouseRentingSystem.Tests.dll","CodeFilePath":null,"LineNumber":0,"Properties":[{"Key":{"Id":"NUnit.Seed","Label":"Seed","Category":"","Description":"","Attributes":0,"ValueType":"System.String"},"Value":"108212351"}]},"Attachments":[],"Outcome":1,"ErrorMessage":null,"ErrorStackTrace":null,"DisplayName":"Edit_ShouldEditHouseCorrectly","Messages":[],"ComputerName":"DESKTOP-PS3L6LM","Duration":"00:00:00.0042290","StartTime":"2024-04-04T15:37:54.0349246+00:00","EndTime":"2024-04-04T15:37:54.0391529+00:00","Properties":[{"Key":{"Id":"NUnit.Seed","Label":"Seed","Category":"","Description":"","Attributes":0,"ValueType":"System.String"},"Value":"108212351"}]},{"TestCase":{"Id":"842c814d-cc0e-1077-a329-2c1de4dceddc","FullyQualifiedName":"HouseRentingSystem.Tests.UnitTests.HouseServiceTests.Exists_ShouldReturnCorrectTrue_WithValidId","DisplayName":"Exists_ShouldReturnCorrectTrue_WithValidId","ExecutorUri":"executor://NUnit3TestExecutor","Source":"C:\\Users\\Localhost\\Documents\\softuni\\Back-EndTest_Automation\\29.03.ExerCI2\\CI_Resources\\02-House-Renting-System-App\\HouseRentingSystem.Tests\\bin\\Debug\\net6.0\\fine-code-coverage\\build-output\\HouseRentingSystem.Tests.dll","CodeFilePath":null,"LineNumber":0,"Properties":[{"Key":{"Id":"NUnit.Seed","Label":"Seed","Category":"","Description":"","Attributes":0,"ValueType":"System.String"},"Value":"1837582298"}]},"Attachments":[],"Outcome":1,"ErrorMessage":null,"ErrorStackTrace":null,"DisplayName":"Exists_ShouldReturnCorrectTrue_WithValidId","Messages":[],"ComputerName":"DESKTOP-PS3L6LM","Duration":"00:00:00.0032670","StartTime":"2024-04-04T15:37:54.0391795+00:00","EndTime":"2024-04-04T15:37:54.0424466+00:00","Properties":[{"Key":{"Id":"NUnit.Seed","Label":"Seed","Category":"","Description":"","Attributes":0,"ValueType":"System.String"},"Value":"1837582298"}]},{"TestCase":{"Id":"0ae26e54-b33a-336f-dd6f-a0cda3739874","FullyQualifiedName":"HouseRentingSystem.Tests.UnitTests.HouseServiceTests.GetHouseCategoryId_ShouldReturnCorrectId","DisplayName":"GetHouseCategoryId_ShouldReturnCorrectId","ExecutorUri":"executor://NUnit3TestExecutor","Source":"C:\\Users\\Localhost\\Documents\\softuni\\Back-EndTest_Automation\\29.03.ExerCI2\\CI_Resources\\02-House-Renting-System-App\\HouseRentingSystem.Tests\\bin\\Debug\\net6.0\\fine-code-coverage\\build-output\\HouseRentingSystem.Tests.dll","CodeFilePath":null,"LineNumber":0,"Properties":[{"Key":{"Id":"NUnit.Seed","Label":"Seed","Category":"","Description":"","Attributes":0,"ValueType":"System.String"},"Value":"2117646550"}]},"Attachments":[],"Outcome":1,"ErrorMessage":null,"ErrorStackTrace":null,"DisplayName":"GetHouseCategoryId_ShouldReturnCorrectId","Messages":[],"ComputerName":"DESKTOP-PS3L6LM","Duration":"00:00:00.0004770","StartTime":"2024-04-04T15:37:54.0424779+00:00","EndTime":"2024-04-04T15:37:54.042955+00:00","Properties":[{"Key":{"Id":"NUnit.Seed","Label":"Seed","Category":"","Description":"","Attributes":0,"ValueType":"System.String"},"Value":"2117646550"}]},{"TestCase":{"Id":"115f308f-3ab7-324a-cc3b-01998c8b562f","FullyQualifiedName":"HouseRentingSystem.Tests.UnitTests.HouseServiceTests.HasAgentWithId_ShouldReturnTrue_WithValidId","DisplayName":"HasAgentWithId_ShouldReturnTrue_WithValidId","ExecutorUri":"executor://NUnit3TestExecutor","Source":"C:\\Users\\Localhost\\Documents\\softuni\\Back-EndTest_Automation\\29.03.ExerCI2\\CI_Resources\\02-House-Renting-System-App\\HouseRentingSystem.Tests\\bin\\Debug\\net6.0\\fine-code-coverage\\build-output\\HouseRentingSystem.Tests.dll","CodeFilePath":null,"LineNumber":0,"Properties":[{"Key":{"Id":"NUnit.Seed","Label":"Seed","Category":"","Description":"","Attributes":0,"ValueType":"System.String"},"Value":"356171995"}]},"Attachments":[],"Outcome":1,"ErrorMessage":null,"ErrorStackTrace":null,"DisplayName":"HasAgentWithId_ShouldReturnTrue_WithValidId","Messages":[],"ComputerName":"DESKTOP-PS3L6LM","Duration":"00:00:00.0056740","StartTime":"2024-04-04T15:37:54.04297+00:00","EndTime":"2024-04-04T15:37:54.048644+00:00","Properties":[{"Key":{"Id":"NUnit.Seed","Label":"Seed","Category":"","Description":"","Attributes":0,"ValueType":"System.String"},"Value":"356171995"}]},{"TestCase":{"Id":"e562f42b-52d9-7a54-bcf5-b73a27947a78","FullyQualifiedName":"HouseRentingSystem.Tests.UnitTests.HouseServiceTests.HouseDetailsById_ShouldReturnCorrectHouseData","DisplayName":"HouseDetailsById_ShouldReturnCorrectHouseData","ExecutorUri":"executor://NUnit3TestExecutor","Source":"C:\\Users\\Localhost\\Documents\\softuni\\Back-EndTest_Automation\\29.03.ExerCI2\\CI_Resources\\02-House-Renting-System-App\\HouseRentingSystem.Tests\\bin\\Debug\\net6.0\\fine-code-coverage\\build-output\\HouseRentingSystem.Tests.dll","CodeFilePath":null,"LineNumber":0,"Properties":[{"Key":{"Id":"NUnit.Seed","Label":"Seed","Category":"","Description":"","Attributes":0,"ValueType":"System.String"},"Value":"956482243"}]},"Attachments":[],"Outcome":1,"ErrorMessage":null,"ErrorStackTrace":null,"DisplayName":"HouseDetailsById_ShouldReturnCorrectHouseData","Messages":[],"ComputerName":"DESKTOP-PS3L6LM","Duration":"00:00:00.0974120","StartTime":"2024-04-04T15:37:54.0486704+00:00","EndTime":"2024-04-04T15:37:54.1460821+00:00","Properties":[{"Key":{"Id":"NUnit.Seed","Label":"Seed","Category":"","Description":"","Attributes":0,"ValueType":"System.String"},"Value":"956482243"}]},{"TestCase":{"Id":"b61a4563-e1cd-77a9-2ef8-51088f4db293","FullyQualifiedName":"HouseRentingSystem.Tests.UnitTests.HouseServiceTests.IsRented_ShouldReturnCorrectTrue_WithValidId","DisplayName":"IsRented_ShouldReturnCorrectTrue_WithValidId","ExecutorUri":"executor://NUnit3TestExecutor","Source":"C:\\Users\\Localhost\\Documents\\softuni\\Back-EndTest_Automation\\29.03.ExerCI2\\CI_Resources\\02-House-Renting-System-App\\HouseRentingSystem.Tests\\bin\\Debug\\net6.0\\fine-code-coverage\\build-output\\HouseRentingSystem.Tests.dll","CodeFilePath":null,"LineNumber":0,"Properties":[{"Key":{"Id":"NUnit.Seed","Label":"Seed","Category":"","Description":"","Attributes":0,"ValueType":"System.String"},"Value":"538488356"}]},"Attachments":[],"Outcome":1,"ErrorMessage":null,"ErrorStackTrace":null,"DisplayName":"IsRented_ShouldReturnCorrectTrue_WithValidId","Messages":[],"ComputerName":"DESKTOP-PS3L6LM","Duration":"00:00:00.0002570","StartTime":"2024-04-04T15:37:54.1461258+00:00","EndTime":"2024-04-04T15:37:54.1463826+00:00","Properties":[{"Key":{"Id":"NUnit.Seed","Label":"Seed","Category":"","Description":"","Attributes":0,"ValueType":"System.String"},"Value":"538488356"}]}],"TestRunStatistics":{"ExecutedTests":20,"Stats":{"Passed":20}},"ActiveTests":[{"Id":"4cef5da8-a158-5acb-5516-63b7e8800887","FullyQualifiedName":"HouseRentingSystem.Tests.UnitTests.HouseServiceTests.IsRentedByUserWithId_ShouldReturnCorrectTrue_WithValidId","DisplayName":"IsRentedByUserWithId_ShouldReturnCorrectTrue_WithValidId","ExecutorUri":"executor://NUnit3TestExecutor","Source":"C:\\Users\\Localhost\\Documents\\softuni\\Back-EndTest_Automation\\29.03.ExerCI2\\CI_Resources\\02-House-Renting-System-App\\HouseRentingSystem.Tests\\bin\\Debug\\net6.0\\fine-code-coverage\\build-output\\HouseRentingSystem.Tests.dll","CodeFilePath":null,"LineNumber":0,"Properties":[{"Key":{"Id":"NUnit.Seed","Label":"Seed","Category":"","Description":"","Attributes":0,"ValueType":"System.String"},"Value":"916976662"}]}]}}
TpTrace Verbose: 0 : 1128, 7, 2024/04/04, 18:37:54.153, 1609509146785, vstest.console.dll, TestRunRequest:SendTestRunStatsChange: Starting.
TpTrace Verbose: 0 : 1128, 7, 2024/04/04, 18:37:54.154, 1609509147852, vstest.console.dll, InProgress is IsRentedByUserWithId_ShouldReturnCorrectTrue_WithValidId
TpTrace Verbose: 0 : 1128, 7, 2024/04/04, 18:37:54.154, 1609509148667, vstest.console.dll, MulticastDelegateUtilities.SafeInvoke: TestRun.RunStatsChanged: Invoking callbacks was skipped because there are no subscribers.
TpTrace Information: 0 : 1128, 7, 2024/04/04, 18:37:54.154, 1609509148951, vstest.console.dll, TestRunRequest:SendTestRunStatsChange: Completed.
TpTrace Verbose: 0 : 1128, 7, 2024/04/04, 18:37:54.154, 1609509149263, vstest.console.dll, MulticastDelegateUtilities.SafeInvoke: LengthPrefixCommunicationChannel: MessageReceived: Invoking callback 1/1 for Microsoft.VisualStudio.TestPlatform.CommunicationUtilities.TestRequestSender+<>c__DisplayClass34_0., took 2 ms.
TpTrace Verbose: 0 : 1128, 7, 2024/04/04, 18:37:54.154, 1609509149630, vstest.console.dll, TcpClientExtensions.MessageLoopAsync: Polling on remoteEndPoint: 127.0.0.1:53579 localEndPoint: 127.0.0.1:53578 after 147 ms
TpTrace Verbose: 0 : 1128, 4, 2024/04/04, 18:37:54.154, 1609509149838, vstest.console.dll, MulticastDelegateUtilities.SafeInvoke: InternalTestLoggerEvents.SendTestResult: Invoking callback 1/1 for Microsoft.VisualStudio.TestPlatform.CommandLine.Internal.ConsoleLogger., took 0 ms.
TpTrace Verbose: 0 : 1128, 4, 2024/04/04, 18:37:54.154, 1609509150982, vstest.console.dll, MulticastDelegateUtilities.SafeInvoke: InternalTestLoggerEvents.SendTestResult: Invoking callback 1/1 for Microsoft.VisualStudio.TestPlatform.CommandLine.Internal.ConsoleLogger., took 0 ms.
TpTrace Verbose: 0 : 1128, 4, 2024/04/04, 18:37:54.154, 1609509151517, vstest.console.dll, MulticastDelegateUtilities.SafeInvoke: InternalTestLoggerEvents.SendTestResult: Invoking callback 1/1 for Microsoft.VisualStudio.TestPlatform.CommandLine.Internal.ConsoleLogger., took 0 ms.
TpTrace Verbose: 0 : 1128, 4, 2024/04/04, 18:37:54.155, 1609509166336, vstest.console.dll, MulticastDelegateUtilities.SafeInvoke: InternalTestLoggerEvents.SendTestResult: Invoking callback 1/1 for Microsoft.VisualStudio.TestPlatform.CommandLine.Internal.ConsoleLogger., took 1 ms.
TpTrace Verbose: 0 : 1128, 4, 2024/04/04, 18:37:54.156, 1609509167710, vstest.console.dll, MulticastDelegateUtilities.SafeInvoke: InternalTestLoggerEvents.SendTestResult: Invoking callback 1/1 for Microsoft.VisualStudio.TestPlatform.CommandLine.Internal.ConsoleLogger., took 0 ms.
TpTrace Verbose: 0 : 1128, 4, 2024/04/04, 18:37:54.156, 1609509168402, vstest.console.dll, MulticastDelegateUtilities.SafeInvoke: InternalTestLoggerEvents.SendTestResult: Invoking callback 1/1 for Microsoft.VisualStudio.TestPlatform.CommandLine.Internal.ConsoleLogger., took 0 ms.
TpTrace Verbose: 0 : 1128, 4, 2024/04/04, 18:37:54.156, 1609509168840, vstest.console.dll, MulticastDelegateUtilities.SafeInvoke: InternalTestLoggerEvents.SendTestResult: Invoking callback 1/1 for Microsoft.VisualStudio.TestPlatform.CommandLine.Internal.ConsoleLogger., took 0 ms.
TpTrace Verbose: 0 : 1128, 4, 2024/04/04, 18:37:54.156, 1609509169327, vstest.console.dll, MulticastDelegateUtilities.SafeInvoke: InternalTestLoggerEvents.SendTestResult: Invoking callback 1/1 for Microsoft.VisualStudio.TestPlatform.CommandLine.Internal.ConsoleLogger., took 0 ms.
TpTrace Verbose: 0 : 1128, 4, 2024/04/04, 18:37:54.156, 1609509169701, vstest.console.dll, MulticastDelegateUtilities.SafeInvoke: InternalTestLoggerEvents.SendTestResult: Invoking callback 1/1 for Microsoft.VisualStudio.TestPlatform.CommandLine.Internal.ConsoleLogger., took 0 ms.
TpTrace Verbose: 0 : 1128, 7, 2024/04/04, 18:37:54.318, 1609510794873, vstest.console.dll, TcpClientExtensions.MessageLoopAsync: NotifyDataAvailable remoteEndPoint: 127.0.0.1:53579 localEndPoint: 127.0.0.1:53578
TpTrace Verbose: 0 : 1128, 7, 2024/04/04, 18:37:54.318, 1609510796817, vstest.console.dll, TestRequestSender.OnExecutionMessageReceived: Received message: {"Version":5,"MessageType":"TestSession.Message","Payload":{"MessageLevel":0,"Message":"NUnit Adapter 4.2.0.0: Test execution complete"}}
TpTrace Verbose: 0 : 1128, 7, 2024/04/04, 18:37:54.319, 1609510798359, vstest.console.dll, TestRunRequest:SendTestRunMessage: Starting.
TpTrace Verbose: 0 : 1128, 7, 2024/04/04, 18:37:54.319, 1609510799621, vstest.console.dll, MulticastDelegateUtilities.SafeInvoke: TestRun.LogMessages: Invoking callback 1/1 for Microsoft.VisualStudio.TestPlatform.CommandLine.TestRunResultAggregator., took 0 ms.
TpTrace Information: 0 : 1128, 7, 2024/04/04, 18:37:54.319, 1609510799915, vstest.console.dll, TestRunRequest:SendTestRunMessage: Completed.
TpTrace Verbose: 0 : 1128, 7, 2024/04/04, 18:37:54.319, 1609510800179, vstest.console.dll, MulticastDelegateUtilities.SafeInvoke: LengthPrefixCommunicationChannel: MessageReceived: Invoking callback 1/1 for Microsoft.VisualStudio.TestPlatform.CommunicationUtilities.TestRequestSender+<>c__DisplayClass34_0., took 0 ms.
TpTrace Verbose: 0 : 1128, 7, 2024/04/04, 18:37:54.319, 1609510800559, vstest.console.dll, TcpClientExtensions.MessageLoopAsync: Polling on remoteEndPoint: 127.0.0.1:53579 localEndPoint: 127.0.0.1:53578 after 165 ms
TpTrace Verbose: 0 : 1128, 4, 2024/04/04, 18:37:54.319, 1609510800831, vstest.console.dll, MulticastDelegateUtilities.SafeInvoke: InternalTestLoggerEvents.SendTestRunMessage: Invoking callback 1/1 for Microsoft.VisualStudio.TestPlatform.CommandLine.Internal.ConsoleLogger., took 0 ms.
TpTrace Verbose: 0 : 1128, 7, 2024/04/04, 18:37:54.339, 1609511007180, vstest.console.dll, TcpClientExtensions.MessageLoopAsync: NotifyDataAvailable remoteEndPoint: 127.0.0.1:53579 localEndPoint: 127.0.0.1:53578
TpTrace Verbose: 0 : 1128, 7, 2024/04/04, 18:37:54.340, 1609511015681, vstest.console.dll, TestRequestSender.OnExecutionMessageReceived: Received message: {"Version":5,"MessageType":"TestExecution.Completed","Payload":{"TestRunCompleteArgs":{"TestRunStatistics":{"ExecutedTests":29,"Stats":{"Passed":29}},"IsCanceled":false,"IsAborted":false,"Error":null,"AttachmentSets":[],"ElapsedTimeInRunningTests":"00:00:02.3519450","Metrics":{}},"LastRunTests":{"NewTestResults":[{"TestCase":{"Id":"4cef5da8-a158-5acb-5516-63b7e8800887","FullyQualifiedName":"HouseRentingSystem.Tests.UnitTests.HouseServiceTests.IsRentedByUserWithId_ShouldReturnCorrectTrue_WithValidId","DisplayName":"IsRentedByUserWithId_ShouldReturnCorrectTrue_WithValidId","ExecutorUri":"executor://NUnit3TestExecutor","Source":"C:\\Users\\Localhost\\Documents\\softuni\\Back-EndTest_Automation\\29.03.ExerCI2\\CI_Resources\\02-House-Renting-System-App\\HouseRentingSystem.Tests\\bin\\Debug\\net6.0\\fine-code-coverage\\build-output\\HouseRentingSystem.Tests.dll","CodeFilePath":null,"LineNumber":0,"Properties":[{"Key":{"Id":"NUnit.Seed","Label":"Seed","Category":"","Description":"","Attributes":0,"ValueType":"System.String"},"Value":"916976662"}]},"Attachments":[],"Outcome":1,"ErrorMessage":null,"ErrorStackTrace":null,"DisplayName":"IsRentedByUserWithId_ShouldReturnCorrectTrue_WithValidId","Messages":[],"ComputerName":"DESKTOP-PS3L6LM","Duration":"00:00:00.0003910","StartTime":"2024-04-04T15:37:54.1463944+00:00","EndTime":"2024-04-04T15:37:54.1467852+00:00","Properties":[{"Key":{"Id":"NUnit.Seed","Label":"Seed","Category":"","Description":"","Attributes":0,"ValueType":"System.String"},"Value":"916976662"}]},{"TestCase":{"Id":"17dc49a3-1e59-f513-63e6-7eab3e02acba","FullyQualifiedName":"HouseRentingSystem.Tests.UnitTests.HouseServiceTests.LastThreeHouses_ShouldReturnCorrectHouses","DisplayName":"LastThreeHouses_ShouldReturnCorrectHouses","ExecutorUri":"executor://NUnit3TestExecutor","Source":"C:\\Users\\Localhost\\Documents\\softuni\\Back-EndTest_Automation\\29.03.ExerCI2\\CI_Resources\\02-House-Renting-System-App\\HouseRentingSystem.Tests\\bin\\Debug\\net6.0\\fine-code-coverage\\build-output\\HouseRentingSystem.Tests.dll","CodeFilePath":null,"LineNumber":0,"Properties":[{"Key":{"Id":"NUnit.Seed","Label":"Seed","Category":"","Description":"","Attributes":0,"ValueType":"System.String"},"Value":"1171444817"}]},"Attachments":[],"Outcome":1,"ErrorMessage":null,"ErrorStackTrace":null,"DisplayName":"LastThreeHouses_ShouldReturnCorrectHouses","Messages":[],"ComputerName":"DESKTOP-PS3L6LM","Duration":"00:00:00.0219310","StartTime":"2024-04-04T15:37:54.1467976+00:00","EndTime":"2024-04-04T15:37:54.1687281+00:00","Properties":[{"Key":{"Id":"NUnit.Seed","Label":"Seed","Category":"","Description":"","Attributes":0,"ValueType":"System.String"},"Value":"1171444817"}]},{"TestCase":{"Id":"366bcf26-07cc-aaed-5496-a5bb0176448b","FullyQualifiedName":"HouseRentingSystem.Tests.UnitTests.HouseServiceTests.Leave_ShouldRentHouseSuccessfully","DisplayName":"Leave_ShouldRentHouseSuccessfully","ExecutorUri":"executor://NUnit3TestExecutor","Source":"C:\\Users\\Localhost\\Documents\\softuni\\Back-EndTest_Automation\\29.03.ExerCI2\\CI_Resources\\02-House-Renting-System-App\\HouseRentingSystem.Tests\\bin\\Debug\\net6.0\\fine-code-coverage\\build-output\\HouseRentingSystem.Tests.dll","CodeFilePath":null,"LineNumber":0,"Properties":[{"Key":{"Id":"NUnit.Seed","Label":"Seed","Category":"","Description":"","Attributes":0,"ValueType":"System.String"},"Value":"1635672755"}]},"Attachments":[],"Outcome":1,"ErrorMessage":null,"ErrorStackTrace":null,"DisplayName":"Leave_ShouldRentHouseSuccessfully","Messages":[],"ComputerName":"DESKTOP-PS3L6LM","Duration":"00:00:00.0021430","StartTime":"2024-04-04T15:37:54.1687663+00:00","EndTime":"2024-04-04T15:37:54.1709096+00:00","Properties":[{"Key":{"Id":"NUnit.Seed","Label":"Seed","Category":"","Description":"","Attributes":0,"ValueType":"System.String"},"Value":"1635672755"}]},{"TestCase":{"Id":"89e1385f-2b92-6d90-e4f5-6eaab5e47f5a","FullyQualifiedName":"HouseRentingSystem.Tests.UnitTests.HouseServiceTests.Rent_ShouldRentHouseSuccessfully","DisplayName":"Rent_ShouldRentHouseSuccessfully","ExecutorUri":"executor://NUnit3TestExecutor","Source":"C:\\Users\\Localhost\\Documents\\softuni\\Back-EndTest_Automation\\29.03.ExerCI2\\CI_Resources\\02-House-Renting-System-App\\HouseRentingSystem.Tests\\bin\\Debug\\net6.0\\fine-code-coverage\\build-output\\HouseRentingSystem.Tests.dll","CodeFilePath":null,"LineNumber":0,"Properties":[{"Key":{"Id":"NUnit.Seed","Label":"Seed","Category":"","Description":"","Attributes":0,"ValueType":"System.String"},"Value":"160730061"}]},"Attachments":[],"Outcome":1,"ErrorMessage":null,"ErrorStackTrace":null,"DisplayName":"Rent_ShouldRentHouseSuccessfully","Messages":[],"ComputerName":"DESKTOP-PS3L6LM","Duration":"00:00:00.0015320","StartTime":"2024-04-04T15:37:54.1709296+00:00","EndTime":"2024-04-04T15:37:54.1724617+00:00","Properties":[{"Key":{"Id":"NUnit.Seed","Label":"Seed","Category":"","Description":"","Attributes":0,"ValueType":"System.String"},"Value":"160730061"}]},{"TestCase":{"Id":"5e72453d-8ffd-8ba2-4595-59df8919ec29","FullyQualifiedName":"HouseRentingSystem.Tests.UnitTests.RentServiceTests.All_ShouldReturnCorrectData","DisplayName":"All_ShouldReturnCorrectData","ExecutorUri":"executor://NUnit3TestExecutor","Source":"C:\\Users\\Localhost\\Documents\\softuni\\Back-EndTest_Automation\\29.03.ExerCI2\\CI_Resources\\02-House-Renting-System-App\\HouseRentingSystem.Tests\\bin\\Debug\\net6.0\\fine-code-coverage\\build-output\\HouseRentingSystem.Tests.dll","CodeFilePath":null,"LineNumber":0,"Properties":[{"Key":{"Id":"NUnit.Seed","Label":"Seed","Category":"","Description":"","Attributes":0,"ValueType":"System.String"},"Value":"1766876538"}]},"Attachments":[],"Outcome":1,"ErrorMessage":null,"ErrorStackTrace":null,"DisplayName":"All_ShouldReturnCorrectData","Messages":[],"ComputerName":"DESKTOP-PS3L6LM","Duration":"00:00:00.0501600","StartTime":"2024-04-04T15:37:54.2095286+00:00","EndTime":"2024-04-04T15:37:54.2596879+00:00","Properties":[{"Key":{"Id":"NUnit.Seed","Label":"Seed","Category":"","Description":"","Attributes":0,"ValueType":"System.String"},"Value":"1766876538"}]},{"TestCase":{"Id":"21df9aa2-281c-b502-d302-f0b56e5b90de","FullyQualifiedName":"HouseRentingSystem.Tests.UnitTests.StatisticsServiceTests.Total_ShouldReturnCorrectCounts","DisplayName":"Total_ShouldReturnCorrectCounts","ExecutorUri":"executor://NUnit3TestExecutor","Source":"C:\\Users\\Localhost\\Documents\\softuni\\Back-EndTest_Automation\\29.03.ExerCI2\\CI_Resources\\02-House-Renting-System-App\\HouseRentingSystem.Tests\\bin\\Debug\\net6.0\\fine-code-coverage\\build-output\\HouseRentingSystem.Tests.dll","CodeFilePath":null,"LineNumber":0,"Properties":[{"Key":{"Id":"NUnit.Seed","Label":"Seed","Category":"","Description":"","Attributes":0,"ValueType":"System.String"},"Value":"1638318681"}]},"Attachments":[],"Outcome":1,"ErrorMessage":null,"ErrorStackTrace":null,"DisplayName":"Total_ShouldReturnCorrectCounts","Messages":[],"ComputerName":"DESKTOP-PS3L6LM","Duration":"00:00:00.0010529","StartTime":"2024-04-04T15:37:54.2628148+00:00","EndTime":"2024-04-04T15:37:54.2638685+00:00","Properties":[{"Key":{"Id":"NUnit.Seed","Label":"Seed","Category":"","Description":"","Attributes":0,"ValueType":"System.String"},"Value":"1638318681"}]},{"TestCase":{"Id":"2d1d8946-c9ba-2471-16b8-4864295b37bc","FullyQualifiedName":"HouseRentingSystem.Tests.UnitTests.UserServiceTests.All_ShouldReturnCorrectUsersAndAgents","DisplayName":"All_ShouldReturnCorrectUsersAndAgents","ExecutorUri":"executor://NUnit3TestExecutor","Source":"C:\\Users\\Localhost\\Documents\\softuni\\Back-EndTest_Automation\\29.03.ExerCI2\\CI_Resources\\02-House-Renting-System-App\\HouseRentingSystem.Tests\\bin\\Debug\\net6.0\\fine-code-coverage\\build-output\\HouseRentingSystem.Tests.dll","CodeFilePath":null,"LineNumber":0,"Properties":[{"Key":{"Id":"NUnit.Seed","Label":"Seed","Category":"","Description":"","Attributes":0,"ValueType":"System.String"},"Value":"226207604"}]},"Attachments":[],"Outcome":1,"ErrorMessage":null,"ErrorStackTrace":null,"DisplayName":"All_ShouldReturnCorrectUsersAndAgents","Messages":[],"ComputerName":"DESKTOP-PS3L6LM","Duration":"00:00:00.0241390","StartTime":"2024-04-04T15:37:54.281076+00:00","EndTime":"2024-04-04T15:37:54.3052149+00:00","Properties":[{"Key":{"Id":"NUnit.Seed","Label":"Seed","Category":"","Description":"","Attributes":0,"ValueType":"System.String"},"Value":"226207604"}]},{"TestCase":{"Id":"94dee587-4520-7686-aec8-d742cb4e49b2","FullyQualifiedName":"HouseRentingSystem.Tests.UnitTests.UserServiceTests.UserFullName_ShouldReturnCorrectResult","DisplayName":"UserFullName_ShouldReturnCorrectResult","ExecutorUri":"executor://NUnit3TestExecutor","Source":"C:\\Users\\Localhost\\Documents\\softuni\\Back-EndTest_Automation\\29.03.ExerCI2\\CI_Resources\\02-House-Renting-System-App\\HouseRentingSystem.Tests\\bin\\Debug\\net6.0\\fine-code-coverage\\build-output\\HouseRentingSystem.Tests.dll","CodeFilePath":null,"LineNumber":0,"Properties":[{"Key":{"Id":"NUnit.Seed","Label":"Seed","Category":"","Description":"","Attributes":0,"ValueType":"System.String"},"Value":"915082876"}]},"Attachments":[],"Outcome":1,"ErrorMessage":null,"ErrorStackTrace":null,"DisplayName":"UserFullName_ShouldReturnCorrectResult","Messages":[],"ComputerName":"DESKTOP-PS3L6LM","Duration":"00:00:00.0002480","StartTime":"2024-04-04T15:37:54.3052543+00:00","EndTime":"2024-04-04T15:37:54.3055026+00:00","Properties":[{"Key":{"Id":"NUnit.Seed","Label":"Seed","Category":"","Description":"","Attributes":0,"ValueType":"System.String"},"Value":"915082876"}]},{"TestCase":{"Id":"76bccacd-8a4b-1fa8-0305-06b648d873d8","FullyQualifiedName":"HouseRentingSystem.Tests.UnitTests.UserServiceTests.UserHasRents_ShouldReturnTrue_WithValidData","DisplayName":"UserHasRents_ShouldReturnTrue_WithValidData","ExecutorUri":"executor://NUnit3TestExecutor","Source":"C:\\Users\\Localhost\\Documents\\softuni\\Back-EndTest_Automation\\29.03.ExerCI2\\CI_Resources\\02-House-Renting-System-App\\HouseRentingSystem.Tests\\bin\\Debug\\net6.0\\fine-code-coverage\\build-output\\HouseRentingSystem.Tests.dll","CodeFilePath":null,"LineNumber":0,"Properties":[{"Key":{"Id":"NUnit.Seed","Label":"Seed","Category":"","Description":"","Attributes":0,"ValueType":"System.String"},"Value":"1299908562"}]},"Attachments":[],"Outcome":1,"ErrorMessage":null,"ErrorStackTrace":null,"DisplayName":"UserHasRents_ShouldReturnTrue_WithValidData","Messages":[],"ComputerName":"DESKTOP-PS3L6LM","Duration":"00:00:00.0032280","StartTime":"2024-04-04T15:37:54.3055153+00:00","EndTime":"2024-04-04T15:37:54.3087427+00:00","Properties":[{"Key":{"Id":"NUnit.Seed","Label":"Seed","Category":"","Description":"","Attributes":0,"ValueType":"System.String"},"Value":"1299908562"}]}],"TestRunStatistics":{"ExecutedTests":29,"Stats":{"Passed":29}},"ActiveTests":[]},"RunAttachments":[],"ExecutorUris":["executor://nunit3testexecutor/"]}}
TpTrace Verbose: 0 : 1128, 7, 2024/04/04, 18:37:54.341, 1609511017833, vstest.console.dll, TestRequestSender.EndSession: Sending end session.
TpTrace Verbose: 0 : 1128, 7, 2024/04/04, 18:37:54.341, 1609511020188, vstest.console.dll, ProxyOperationManager.Close: waiting for test host to exit for 100 ms
TpTrace Verbose: 0 : 1128, 13, 2024/04/04, 18:37:54.370, 1609511313749, vstest.console.dll, TestHostManagerCallbacks.ctor: Experimental forwarding output is disabled.
TpTrace Warning: 0 : 1128, 13, 2024/04/04, 18:37:54.370, 1609511314983, vstest.console.dll, TestHostManagerCallbacks.ErrorReceivedCallback Test host standard error line: 
TpTrace Verbose: 0 : 1128, 13, 2024/04/04, 18:37:54.383, 1609511441864, vstest.console.dll, TestHostProvider.ExitCallBack: Host exited starting callback.
TpTrace Information: 0 : 1128, 13, 2024/04/04, 18:37:54.383, 1609511443366, vstest.console.dll, TestHostManagerCallbacks.ExitCallBack: Testhost processId: 14284 exited with exitcode: 0 error: ''
TpTrace Verbose: 0 : 1128, 13, 2024/04/04, 18:37:54.383, 1609511443779, vstest.console.dll, DotnetTestHostManager.OnHostExited: invoking OnHostExited callback
TpTrace Verbose: 0 : 1128, 13, 2024/04/04, 18:37:54.383, 1609511444247, vstest.console.dll, CrossPlatEngine.TestHostManagerHostExited: calling on client process exit callback.
TpTrace Information: 0 : 1128, 13, 2024/04/04, 18:37:54.383, 1609511444727, vstest.console.dll, TestRequestSender.OnClientProcessExit: Test host process exited. Standard error: 
TpTrace Information: 0 : 1128, 13, 2024/04/04, 18:37:54.383, 1609511445085, vstest.console.dll, SocketServer.Stop: Stop server endPoint: 127.0.0.1:53578
TpTrace Information: 0 : 1128, 13, 2024/04/04, 18:37:54.383, 1609511445307, vstest.console.dll, SocketServer.Stop: Cancellation requested. Stopping message loop.
TpTrace Information: 0 : 1128, 7, 2024/04/04, 18:37:54.383, 1609511445885, vstest.console.dll, SocketServer.Stop: Stop server endPoint: 127.0.0.1:53578
TpTrace Verbose: 0 : 1128, 13, 2024/04/04, 18:37:54.383, 1609511446301, vstest.console.dll, MulticastDelegateUtilities.SafeInvoke: HostProviderEvents.OnHostExited: Invoking callback 1/1 for Microsoft.VisualStudio.TestPlatform.CrossPlatEngine.Client.ProxyOperationManager., took 0 ms.
TpTrace Information: 0 : 1128, 7, 2024/04/04, 18:37:54.383, 1609511446621, vstest.console.dll, SocketServer.Stop: Cancellation requested. Stopping message loop.
TpTrace Information: 0 : 1128, 7, 2024/04/04, 18:37:54.383, 1609511447494, vstest.console.dll, Closing the connection
TpTrace Verbose: 0 : 1128, 7, 2024/04/04, 18:37:54.384, 1609511449688, vstest.console.dll, ProxyDataCollectionManager.InvokeDataCollectionServiceAction: Starting.
TpTrace Information: 0 : 1128, 7, 2024/04/04, 18:37:54.384, 1609511450797, vstest.console.dll, ProxyDataCollectionManager.AfterTestRunEnd: Get attachment set and invoked data collectors processId: 5572 port: 53575
TpTrace Verbose: 0 : 1128, 7, 2024/04/04, 18:37:54.384, 1609511451300, vstest.console.dll, DataCollectionRequestSender.SendAfterTestRunStartAndGetResult: Send AfterTestRunEnd message with isCancelled: False
TpTrace Verbose: 0 : 1128, 7, 2024/04/04, 18:37:54.392, 1609511534572, vstest.console.dll, DataCollectionRequestSender.SendAfterTestRunStartAndGetResult: Received message: (DataCollection.AfterTestRunEndResult) -> {"MessageType":"DataCollection.AfterTestRunEndResult","Payload":{"AttachmentSets":[],"InvokedDataCollectors":[{"Uri":"datacollector://Microsoft/TestPlatform/Extensions/Blame/v1","FriendlyName":"Blame","AssemblyQualifiedName":"Microsoft.TestPlatform.Extensions.BlameDataCollector.BlameCollector, Microsoft.TestPlatform.Extensions.BlameDataCollector, Version=15.0.0.0, Culture=neutral, PublicKeyToken=b03f5f7f11d50a3a","FilePath":"C:\\Program Files\\dotnet\\sdk\\8.0.200\\Extensions\\Microsoft.TestPlatform.Extensions.BlameDataCollector.dll","HasAttachmentProcessor":false}],"Metrics":{}}}
TpTrace Warning: 0 : 1128, 11, 2024/04/04, 18:37:54.397, 1609511586099, vstest.console.dll, DataCollectionLauncher.ErrorReceivedCallback datacollector standard error line: 
TpTrace Information: 0 : 1128, 7, 2024/04/04, 18:37:54.398, 1609511591868, vstest.console.dll, ProxyDataCollectionManager.InvokeDataCollectionServiceAction: Completed.
TpTrace Information: 0 : 1128, 11, 2024/04/04, 18:37:54.408, 1609511696345, vstest.console.dll, DataCollectionLauncher.ExitCallBack: Data collector exited with exitcode: 0 error: ''
TpTrace Verbose: 0 : 1128, 7, 2024/04/04, 18:37:54.436, 1609511976233, vstest.console.dll, TestRunRequest:SendTestRunStatsChange: Starting.
TpTrace Verbose: 0 : 1128, 7, 2024/04/04, 18:37:54.437, 1609511977669, vstest.console.dll, MulticastDelegateUtilities.SafeInvoke: TestRun.RunStatsChanged: Invoking callbacks was skipped because there are no subscribers.
TpTrace Information: 0 : 1128, 7, 2024/04/04, 18:37:54.437, 1609511977961, vstest.console.dll, TestRunRequest:SendTestRunStatsChange: Completed.
TpTrace Verbose: 0 : 1128, 4, 2024/04/04, 18:37:54.437, 1609511978504, vstest.console.dll, MulticastDelegateUtilities.SafeInvoke: InternalTestLoggerEvents.SendTestResult: Invoking callback 1/1 for Microsoft.VisualStudio.TestPlatform.CommandLine.Internal.ConsoleLogger., took 0 ms.
TpTrace Verbose: 0 : 1128, 4, 2024/04/04, 18:37:54.437, 1609511979662, vstest.console.dll, MulticastDelegateUtilities.SafeInvoke: InternalTestLoggerEvents.SendTestResult: Invoking callback 1/1 for Microsoft.VisualStudio.TestPlatform.CommandLine.Internal.ConsoleLogger., took 0 ms.
TpTrace Verbose: 0 : 1128, 4, 2024/04/04, 18:37:54.437, 1609511980186, vstest.console.dll, MulticastDelegateUtilities.SafeInvoke: InternalTestLoggerEvents.SendTestResult: Invoking callback 1/1 for Microsoft.VisualStudio.TestPlatform.CommandLine.Internal.ConsoleLogger., took 0 ms.
TpTrace Verbose: 0 : 1128, 4, 2024/04/04, 18:37:54.437, 1609511980612, vstest.console.dll, MulticastDelegateUtilities.SafeInvoke: InternalTestLoggerEvents.SendTestResult: Invoking callback 1/1 for Microsoft.VisualStudio.TestPlatform.CommandLine.Internal.ConsoleLogger., took 0 ms.
TpTrace Verbose: 0 : 1128, 4, 2024/04/04, 18:37:54.437, 1609511980948, vstest.console.dll, MulticastDelegateUtilities.SafeInvoke: InternalTestLoggerEvents.SendTestResult: Invoking callback 1/1 for Microsoft.VisualStudio.TestPlatform.CommandLine.Internal.ConsoleLogger., took 0 ms.
TpTrace Verbose: 0 : 1128, 4, 2024/04/04, 18:37:54.437, 1609511981258, vstest.console.dll, MulticastDelegateUtilities.SafeInvoke: InternalTestLoggerEvents.SendTestResult: Invoking callback 1/1 for Microsoft.VisualStudio.TestPlatform.CommandLine.Internal.ConsoleLogger., took 0 ms.
TpTrace Verbose: 0 : 1128, 7, 2024/04/04, 18:37:54.437, 1609511981460, vstest.console.dll, ParallelProxyExecutionManager: HandlePartialRunComplete: Total workloads = 1, Total started clients = 1 Total completed clients = 1, Run complete = True, Run canceled: False.
TpTrace Verbose: 0 : 1128, 7, 2024/04/04, 18:37:54.437, 1609511982176, vstest.console.dll, ParallelProxyExecutionManager: HandlePartialRunComplete: All runs completed stopping all managers.
TpTrace Verbose: 0 : 1128, 4, 2024/04/04, 18:37:54.437, 1609511981655, vstest.console.dll, MulticastDelegateUtilities.SafeInvoke: InternalTestLoggerEvents.SendTestResult: Invoking callback 1/1 for Microsoft.VisualStudio.TestPlatform.CommandLine.Internal.ConsoleLogger., took 0 ms.
TpTrace Verbose: 0 : 1128, 7, 2024/04/04, 18:37:54.437, 1609511982586, vstest.console.dll, ParallelOperationManager.StopAllManagers: Stopping all managers.
TpTrace Verbose: 0 : 1128, 4, 2024/04/04, 18:37:54.437, 1609511983093, vstest.console.dll, MulticastDelegateUtilities.SafeInvoke: InternalTestLoggerEvents.SendTestResult: Invoking callback 1/1 for Microsoft.VisualStudio.TestPlatform.CommandLine.Internal.ConsoleLogger., took 0 ms.
TpTrace Verbose: 0 : 1128, 4, 2024/04/04, 18:37:54.437, 1609511983574, vstest.console.dll, MulticastDelegateUtilities.SafeInvoke: InternalTestLoggerEvents.SendTestResult: Invoking callback 1/1 for Microsoft.VisualStudio.TestPlatform.CommandLine.Internal.ConsoleLogger., took 0 ms.
TpTrace Verbose: 0 : 1128, 7, 2024/04/04, 18:37:54.437, 1609511983719, vstest.console.dll, ParallelOperationManager.ClearSlots: Clearing all slots. Slots should accept more work: False
TpTrace Verbose: 0 : 1128, 7, 2024/04/04, 18:37:54.437, 1609511984621, vstest.console.dll, ParallelOperationManager.SetOccupiedSlotCount: Setting slot counts AvailableSlotCount = 3, OccupiedSlotCount = 0.
TpTrace Verbose: 0 : 1128, 7, 2024/04/04, 18:37:54.437, 1609511985163, vstest.console.dll, Occupied slots:

TpTrace Verbose: 0 : 1128, 4, 2024/04/04, 18:37:54.448, 1609512095097, vstest.console.dll, MulticastDelegateUtilities.SafeInvoke: InternalTestLoggerEvents.SendTestRunComplete: Invoking callback 1/2 for Microsoft.TestPlatform.Extensions.BlameDataCollector.BlameLogger., took 0 ms.
TpTrace Verbose: 0 : 1128, 4, 2024/04/04, 18:37:54.455, 1609512158649, vstest.console.dll, MulticastDelegateUtilities.SafeInvoke: InternalTestLoggerEvents.SendTestRunComplete: Invoking callback 2/2 for Microsoft.VisualStudio.TestPlatform.CommandLine.Internal.ConsoleLogger., took 6 ms.
TpTrace Verbose: 0 : 1128, 7, 2024/04/04, 18:37:54.455, 1609512162892, vstest.console.dll, TestRunRequest:TestRunComplete: Starting. IsAborted:False IsCanceled:False.
TpTrace Verbose: 0 : 1128, 7, 2024/04/04, 18:37:54.455, 1609512164861, vstest.console.dll, ParallelOperationManager.DoActionOnAllManagers: Calling an action on all managers.
TpTrace Verbose: 0 : 1128, 7, 2024/04/04, 18:37:54.457, 1609512179940, vstest.console.dll, TestLoggerManager.HandleTestRunComplete: Ignoring as the object is disposed.
TpTrace Verbose: 0 : 1128, 7, 2024/04/04, 18:37:54.457, 1609512182116, vstest.console.dll, MulticastDelegateUtilities.SafeInvoke: TestRun.TestRunComplete: Invoking callback 1/2 for Microsoft.VisualStudio.TestPlatform.CommandLine.TestRunResultAggregator., took 0 ms.
TpTrace Verbose: 0 : 1128, 7, 2024/04/04, 18:37:54.457, 1609512183336, vstest.console.dll, MulticastDelegateUtilities.SafeInvoke: TestRun.TestRunComplete: Invoking callback 2/2 for Microsoft.VisualStudio.TestPlatform.CommandLine.Processors.RunTestsArgumentExecutor+TestRunRequestEventsRegistrar., took 0 ms.
TpTrace Information: 0 : 1128, 7, 2024/04/04, 18:37:54.457, 1609512184323, vstest.console.dll, TestRunRequest:TestRunComplete: Completed.
TpTrace Verbose: 0 : 1128, 7, 2024/04/04, 18:37:54.457, 1609512184876, vstest.console.dll, TestRequestSender.SetOperationComplete: Setting operation complete.
TpTrace Verbose: 0 : 1128, 1, 2024/04/04, 18:37:54.457, 1609512185140, vstest.console.dll, TestRunRequest.Dispose: Starting.
TpTrace Information: 0 : 1128, 1, 2024/04/04, 18:37:54.457, 1609512186308, vstest.console.dll, TestRunRequest.Dispose: Completed.
TpTrace Information: 0 : 1128, 7, 2024/04/04, 18:37:54.457, 1609512185244, vstest.console.dll, SocketServer.Stop: Stop server endPoint: 127.0.0.1:53578
TpTrace Information: 0 : 1128, 1, 2024/04/04, 18:37:54.457, 1609512186897, vstest.console.dll, TestRequestManager.RunTests: run tests completed.
TpTrace Information: 0 : 1128, 7, 2024/04/04, 18:37:54.458, 1609512187730, vstest.console.dll, SocketServer.Stop: Cancellation requested. Stopping message loop.
TpTrace Verbose: 0 : 1128, 7, 2024/04/04, 18:37:54.458, 1609512188686, vstest.console.dll, MulticastDelegateUtilities.SafeInvoke: LengthPrefixCommunicationChannel: MessageReceived: Invoking callback 1/1 for Microsoft.VisualStudio.TestPlatform.CommunicationUtilities.TestRequestSender+<>c__DisplayClass34_0., took 117 ms.
TpTrace Information: 0 : 1128, 1, 2024/04/04, 18:37:54.458, 1609512188737, vstest.console.dll, RunTestsArgumentProcessor:Execute: Test run is completed.
TpTrace Information: 0 : 1128, 7, 2024/04/04, 18:37:54.458, 1609512189288, vstest.console.dll, SocketServer.PrivateStop: Stopping server endPoint: 127.0.0.1:53578 error: 
TpTrace Verbose: 0 : 1128, 1, 2024/04/04, 18:37:54.458, 1609512192305, vstest.console.dll, Executor.Execute: Exiting with exit code of 0
TpTrace Verbose: 0 : 1128, 7, 2024/04/04, 18:37:54.458, 1609512195459, vstest.console.dll, LengthPrefixCommunicationChannel.Dispose: Dispose reader and writer.
TpTrace Information: 0 : 1128, 7, 2024/04/04, 18:37:54.458, 1609512196260, vstest.console.dll, SocketServer.Stop: Raise disconnected event endPoint: 127.0.0.1:53578 error: 
TpTrace Verbose: 0 : 1128, 7, 2024/04/04, 18:37:54.458, 1609512196977, vstest.console.dll, TestRequestSender: OnTestRunAbort: Operation is already complete. Skip error message.
TpTrace Verbose: 0 : 1128, 7, 2024/04/04, 18:37:54.458, 1609512197260, vstest.console.dll, MulticastDelegateUtilities.SafeInvoke: SocketServer: ClientDisconnected: Invoking callback 1/1 for Microsoft.VisualStudio.TestPlatform.CommunicationUtilities.TestRequestSender., took 0 ms.
